[0.372s] Invoking command in '/home/dennisd2/obstacle-avoidance-comps/ros2_ws/src/demo_package': PYTHONPATH=/home/dennisd2/obstacle-avoidance-comps/ros2_ws/build/demo_package/prefix_override:/usr/lib/python3/dist-packages/colcon_core/task/python/colcon_distutils_commands:/home/dennisd2/obstacle-avoidance-comps/ros2_ws/install/demo_package/lib/python3.10/site-packages:${PYTHONPATH} /usr/bin/python3 -W ignore:setup.py install is deprecated -W ignore:easy_install command is deprecated setup.py egg_info --egg-base ../../build/demo_package build --build-base /home/dennisd2/obstacle-avoidance-comps/ros2_ws/build/demo_package/build install --record /home/dennisd2/obstacle-avoidance-comps/ros2_ws/build/demo_package/install.log --single-version-externally-managed install_data
[0.474s] running egg_info
[0.474s] writing ../../build/demo_package/demo_package.egg-info/PKG-INFO
[0.485s] writing dependency_links to ../../build/demo_package/demo_package.egg-info/dependency_links.txt
[0.485s] writing entry points to ../../build/demo_package/demo_package.egg-info/entry_points.txt
[0.485s] writing requirements to ../../build/demo_package/demo_package.egg-info/requires.txt
[0.485s] writing top-level names to ../../build/demo_package/demo_package.egg-info/top_level.txt
[0.486s] reading manifest file '../../build/demo_package/demo_package.egg-info/SOURCES.txt'
[0.488s] adding license file 'LICENSE'
[0.489s] writing manifest file '../../build/demo_package/demo_package.egg-info/SOURCES.txt'
[0.489s] running build
[0.489s] running build_py
[0.489s] copying demo_package/demo_node.py -> /home/dennisd2/obstacle-avoidance-comps/ros2_ws/build/demo_package/build/lib/demo_package
[0.489s] running install
[0.489s] running install_lib
[0.490s] copying /home/dennisd2/obstacle-avoidance-comps/ros2_ws/build/demo_package/build/lib/demo_package/demo_node.py -> /home/dennisd2/obstacle-avoidance-comps/ros2_ws/install/demo_package/lib/python3.10/site-packages/demo_package
[0.490s] byte-compiling /home/dennisd2/obstacle-avoidance-comps/ros2_ws/install/demo_package/lib/python3.10/site-packages/demo_package/demo_node.py to demo_node.cpython-310.pyc
[0.490s] running install_data
[0.490s] running install_egg_info
[0.491s] removing '/home/dennisd2/obstacle-avoidance-comps/ros2_ws/install/demo_package/lib/python3.10/site-packages/demo_package-0.0.0-py3.10.egg-info' (and everything under it)
[0.491s] Copying ../../build/demo_package/demo_package.egg-info to /home/dennisd2/obstacle-avoidance-comps/ros2_ws/install/demo_package/lib/python3.10/site-packages/demo_package-0.0.0-py3.10.egg-info
[0.491s] running install_scripts
[0.501s] Installing demo_node script to /home/dennisd2/obstacle-avoidance-comps/ros2_ws/install/demo_package/lib/demo_package
[0.501s] writing list of installed files to '/home/dennisd2/obstacle-avoidance-comps/ros2_ws/build/demo_package/install.log'
[0.511s] Invoked command in '/home/dennisd2/obstacle-avoidance-comps/ros2_ws/src/demo_package' returned '0': PYTHONPATH=/home/dennisd2/obstacle-avoidance-comps/ros2_ws/build/demo_package/prefix_override:/usr/lib/python3/dist-packages/colcon_core/task/python/colcon_distutils_commands:/home/dennisd2/obstacle-avoidance-comps/ros2_ws/install/demo_package/lib/python3.10/site-packages:${PYTHONPATH} /usr/bin/python3 -W ignore:setup.py install is deprecated -W ignore:easy_install command is deprecated setup.py egg_info --egg-base ../../build/demo_package build --build-base /home/dennisd2/obstacle-avoidance-comps/ros2_ws/build/demo_package/build install --record /home/dennisd2/obstacle-avoidance-comps/ros2_ws/build/demo_package/install.log --single-version-externally-managed install_data
