[0.009s] Invoking command in '/home/dennisd2/obstacle-avoidance-comps/ros2_ws/build/turtlesim': CMAKE_PREFIX_PATH=/opt/ros/humble /usr/bin/cmake /home/dennisd2/obstacle-avoidance-comps/ros2_ws/src/ros_tutorials/turtlesim -DCMAKE_INSTALL_PREFIX=/home/dennisd2/obstacle-avoidance-comps/ros2_ws/install/turtlesim
[0.079s] -- The C compiler identification is GNU 11.4.0
[0.134s] -- The CXX compiler identification is GNU 11.4.0
[0.140s] -- Detecting C compiler ABI info
[0.186s] -- Detecting C compiler ABI info - done
[0.191s] -- Check for working C compiler: /usr/bin/cc - skipped
[0.192s] -- Detecting C compile features
[0.193s] -- Detecting C compile features - done
[0.195s] -- Detecting CXX compiler ABI info
[0.246s] -- Detecting CXX compiler ABI info - done
[0.252s] -- Check for working CXX compiler: /usr/bin/c++ - skipped
[0.252s] -- Detecting CXX compile features
[0.253s] -- Detecting CXX compile features - done
[0.257s] -- Found ament_cmake: 1.3.12 (/opt/ros/humble/share/ament_cmake/cmake)
[0.358s] -- Found Python3: /usr/bin/python3 (found version "3.10.12") found components: Interpreter 
[0.425s] -- Found ament_index_cpp: 1.4.0 (/opt/ros/humble/share/ament_index_cpp/cmake)
[0.427s] -- Found geometry_msgs: 4.9.0 (/opt/ros/humble/share/geometry_msgs/cmake)
[0.456s] -- Found rosidl_generator_c: 3.1.7 (/opt/ros/humble/share/rosidl_generator_c/cmake)
[0.460s] -- Found rosidl_adapter: 3.1.7 (/opt/ros/humble/share/rosidl_adapter/cmake)
[0.467s] -- Found rosidl_generator_cpp: 3.1.7 (/opt/ros/humble/share/rosidl_generator_cpp/cmake)
[0.477s] -- Using all available rosidl_typesupport_c: rosidl_typesupport_fastrtps_c;rosidl_typesupport_introspection_c
[0.488s] -- Using all available rosidl_typesupport_cpp: rosidl_typesupport_fastrtps_cpp;rosidl_typesupport_introspection_cpp
[0.528s] -- Found rclcpp: 16.0.15 (/opt/ros/humble/share/rclcpp/cmake)
[0.555s] -- Found rmw_implementation_cmake: 6.1.2 (/opt/ros/humble/share/rmw_implementation_cmake/cmake)
[0.556s] -- Found rmw_fastrtps_cpp: 6.2.9 (/opt/ros/humble/share/rmw_fastrtps_cpp/cmake)
[0.620s] -- Found OpenSSL: /usr/lib/x86_64-linux-gnu/libcrypto.so (found version "3.0.2")  
[0.638s] -- Found FastRTPS: /opt/ros/humble/include  
[0.665s] -- Using RMW implementation 'rmw_fastrtps_cpp' as default
[0.673s] -- Looking for pthread.h
[0.725s] -- Looking for pthread.h - found
[0.726s] -- Performing Test CMAKE_HAVE_LIBC_PTHREAD
[0.771s] -- Performing Test CMAKE_HAVE_LIBC_PTHREAD - Success
[0.772s] -- Found Threads: TRUE  
[0.804s] -- Found rclcpp_action: 16.0.15 (/opt/ros/humble/share/rclcpp_action/cmake)
[0.830s] -- Found rosidl_default_generators: 1.2.0 (/opt/ros/humble/share/rosidl_default_generators/cmake)
[0.838s] -- Found std_srvs: 4.9.0 (/opt/ros/humble/share/std_srvs/cmake)
[1.042s] -- Found ament_cmake_ros: 0.10.0 (/opt/ros/humble/share/ament_cmake_ros/cmake)
[1.252s] -- Using all available rosidl_typesupport_c: rosidl_typesupport_fastrtps_c;rosidl_typesupport_introspection_c
[1.329s] -- Using all available rosidl_typesupport_cpp: rosidl_typesupport_fastrtps_cpp;rosidl_typesupport_introspection_cpp
[1.345s] -- Found PythonInterp: /usr/bin/python3 (found suitable version "3.10.12", minimum required is "3.6") 
[1.348s] -- Found python_cmake_module: 0.10.0 (/opt/ros/humble/share/python_cmake_module/cmake)
[1.367s] -- Found PythonLibs: /usr/lib/x86_64-linux-gnu/libpython3.10.so (found suitable version "3.10.12", minimum required is "3.5") 
[1.367s] -- Using PYTHON_EXECUTABLE: /usr/bin/python3
[1.367s] -- Using PYTHON_INCLUDE_DIRS: /usr/include/python3.10
[1.367s] -- Using PYTHON_LIBRARIES: /usr/lib/x86_64-linux-gnu/libpython3.10.so
[1.384s] -- Found PythonExtra: .so  
[1.425s] -- Configuring done
[1.462s] -- Generating done
[1.474s] -- Build files have been written to: /home/dennisd2/obstacle-avoidance-comps/ros2_ws/build/turtlesim
[1.482s] Invoked command in '/home/dennisd2/obstacle-avoidance-comps/ros2_ws/build/turtlesim' returned '0': CMAKE_PREFIX_PATH=/opt/ros/humble /usr/bin/cmake /home/dennisd2/obstacle-avoidance-comps/ros2_ws/src/ros_tutorials/turtlesim -DCMAKE_INSTALL_PREFIX=/home/dennisd2/obstacle-avoidance-comps/ros2_ws/install/turtlesim
[1.483s] Invoking command in '/home/dennisd2/obstacle-avoidance-comps/ros2_ws/build/turtlesim': CMAKE_PREFIX_PATH=/opt/ros/humble /usr/bin/cmake --build /home/dennisd2/obstacle-avoidance-comps/ros2_ws/build/turtlesim -- -j28 -l28
[1.513s] [  1%] [34m[1mGenerating C code for ROS interfaces[0m
[1.520s] [  2%] [34m[1mGenerating C++ code for ROS interfaces[0m
[1.526s] [  2%] Built target ament_cmake_python_copy_turtlesim
[1.741s] /usr/local/lib/python3.10/dist-packages/setuptools_scm/_integration/setuptools.py:31: RuntimeWarning: 
[1.741s] ERROR: setuptools==59.6.0 is used in combination with setuptools-scm>=8.x
[1.741s] 
[1.741s] Your build configuration is incomplete and previously worked by accident!
[1.741s] setuptools-scm requires setuptools>=61
[1.741s] 
[1.741s] Suggested workaround if applicable:
[1.741s]  - migrating from the deprecated setup_requires mechanism to pep517/518
[1.741s]    and using a pyproject.toml to declare build dependencies
[1.741s]    which are reliably pre-installed before running the build tools
[1.741s] 
[1.741s]   warnings.warn(
[1.751s] running egg_info
[1.751s] creating turtlesim.egg-info
[1.752s] writing turtlesim.egg-info/PKG-INFO
[1.752s] writing dependency_links to turtlesim.egg-info/dependency_links.txt
[1.752s] writing top-level names to turtlesim.egg-info/top_level.txt
[1.752s] writing manifest file 'turtlesim.egg-info/SOURCES.txt'
[1.880s] reading manifest file 'turtlesim.egg-info/SOURCES.txt'
[1.881s] writing manifest file 'turtlesim.egg-info/SOURCES.txt'
[1.907s] [  2%] Built target ament_cmake_python_build_turtlesim_egg
[2.076s] [  2%] Built target turtlesim__cpp
[2.084s] [  3%] [34m[1mGenerating C++ introspection for ROS interfaces[0m
[2.084s] [  4%] [34m[1mGenerating C++ type support for eProsima Fast-RTPS[0m
[2.084s] [  5%] [34m[1mGenerating C++ type support dispatch for ROS interfaces[0m
[2.096s] [  7%] [32mBuilding C object CMakeFiles/turtlesim__rosidl_generator_c.dir/rosidl_generator_c/turtlesim/msg/detail/pose__functions.c.o[0m
[2.097s] [  7%] [32mBuilding C object CMakeFiles/turtlesim__rosidl_generator_c.dir/rosidl_generator_c/turtlesim/action/detail/rotate_absolute__functions.c.o[0m
[2.097s] [  8%] [32mBuilding C object CMakeFiles/turtlesim__rosidl_generator_c.dir/rosidl_generator_c/turtlesim/srv/detail/spawn__functions.c.o[0m
[2.097s] [  9%] [32mBuilding C object CMakeFiles/turtlesim__rosidl_generator_c.dir/rosidl_generator_c/turtlesim/srv/detail/teleport_absolute__functions.c.o[0m
[2.097s] [ 10%] [32mBuilding C object CMakeFiles/turtlesim__rosidl_generator_c.dir/rosidl_generator_c/turtlesim/srv/detail/set_pen__functions.c.o[0m
[2.097s] [ 11%] [32mBuilding C object CMakeFiles/turtlesim__rosidl_generator_c.dir/rosidl_generator_c/turtlesim/srv/detail/kill__functions.c.o[0m
[2.097s] [ 12%] [32mBuilding C object CMakeFiles/turtlesim__rosidl_generator_c.dir/rosidl_generator_c/turtlesim/msg/detail/color__functions.c.o[0m
[2.098s] [ 13%] [32mBuilding C object CMakeFiles/turtlesim__rosidl_generator_c.dir/rosidl_generator_c/turtlesim/srv/detail/teleport_relative__functions.c.o[0m
[2.206s] [ 14%] [32m[1mLinking C shared library libturtlesim__rosidl_generator_c.so[0m
[2.235s] [ 14%] Built target turtlesim__rosidl_generator_c
[2.243s] [ 16%] [34m[1mGenerating C type support for eProsima Fast-RTPS[0m
[2.243s] [ 16%] [34m[1mGenerating C introspection for ROS interfaces[0m
[2.243s] [ 17%] [34m[1mGenerating C type support dispatch for ROS interfaces[0m
[2.471s] [ 18%] [32mBuilding CXX object CMakeFiles/turtlesim__rosidl_typesupport_cpp.dir/rosidl_typesupport_cpp/turtlesim/srv/kill__type_support.cpp.o[0m
[2.472s] [ 19%] [32mBuilding CXX object CMakeFiles/turtlesim__rosidl_typesupport_cpp.dir/rosidl_typesupport_cpp/turtlesim/srv/set_pen__type_support.cpp.o[0m
[2.472s] [ 20%] [32mBuilding CXX object CMakeFiles/turtlesim__rosidl_typesupport_cpp.dir/rosidl_typesupport_cpp/turtlesim/srv/spawn__type_support.cpp.o[0m
[2.472s] [ 22%] [32mBuilding CXX object CMakeFiles/turtlesim__rosidl_typesupport_cpp.dir/rosidl_typesupport_cpp/turtlesim/action/rotate_absolute__type_support.cpp.o[0m
[2.473s] [ 23%] [32mBuilding CXX object CMakeFiles/turtlesim__rosidl_typesupport_cpp.dir/rosidl_typesupport_cpp/turtlesim/msg/pose__type_support.cpp.o[0m
[2.473s] [ 23%] [32mBuilding CXX object CMakeFiles/turtlesim__rosidl_typesupport_cpp.dir/rosidl_typesupport_cpp/turtlesim/msg/color__type_support.cpp.o[0m
[2.473s] [ 24%] [32mBuilding CXX object CMakeFiles/turtlesim__rosidl_typesupport_cpp.dir/rosidl_typesupport_cpp/turtlesim/srv/teleport_relative__type_support.cpp.o[0m
[2.473s] [ 25%] [32mBuilding CXX object CMakeFiles/turtlesim__rosidl_typesupport_cpp.dir/rosidl_typesupport_cpp/turtlesim/srv/teleport_absolute__type_support.cpp.o[0m
[2.581s] [ 27%] [32mBuilding CXX object CMakeFiles/turtlesim__rosidl_typesupport_introspection_cpp.dir/rosidl_typesupport_introspection_cpp/turtlesim/action/detail/rotate_absolute__type_support.cpp.o[0m
[2.581s] [ 27%] [32mBuilding CXX object CMakeFiles/turtlesim__rosidl_typesupport_introspection_cpp.dir/rosidl_typesupport_introspection_cpp/turtlesim/srv/detail/kill__type_support.cpp.o[0m
[2.583s] [ 28%] [32mBuilding CXX object CMakeFiles/turtlesim__rosidl_typesupport_introspection_cpp.dir/rosidl_typesupport_introspection_cpp/turtlesim/msg/detail/color__type_support.cpp.o[0m
[2.583s] [ 29%] [32mBuilding CXX object CMakeFiles/turtlesim__rosidl_typesupport_introspection_cpp.dir/rosidl_typesupport_introspection_cpp/turtlesim/srv/detail/set_pen__type_support.cpp.o[0m
[2.583s] [ 30%] [32mBuilding CXX object CMakeFiles/turtlesim__rosidl_typesupport_introspection_cpp.dir/rosidl_typesupport_introspection_cpp/turtlesim/msg/detail/pose__type_support.cpp.o[0m
[2.584s] [ 31%] [32mBuilding CXX object CMakeFiles/turtlesim__rosidl_typesupport_introspection_cpp.dir/rosidl_typesupport_introspection_cpp/turtlesim/srv/detail/spawn__type_support.cpp.o[0m
[2.584s] [ 32%] [32mBuilding CXX object CMakeFiles/turtlesim__rosidl_typesupport_introspection_cpp.dir/rosidl_typesupport_introspection_cpp/turtlesim/srv/detail/teleport_absolute__type_support.cpp.o[0m
[2.584s] [ 33%] [32mBuilding CXX object CMakeFiles/turtlesim__rosidl_typesupport_introspection_cpp.dir/rosidl_typesupport_introspection_cpp/turtlesim/srv/detail/teleport_relative__type_support.cpp.o[0m
[2.669s] [ 35%] [32mBuilding CXX object CMakeFiles/turtlesim__rosidl_typesupport_c.dir/rosidl_typesupport_c/turtlesim/action/rotate_absolute__type_support.cpp.o[0m
[2.669s] [ 35%] [32mBuilding CXX object CMakeFiles/turtlesim__rosidl_typesupport_c.dir/rosidl_typesupport_c/turtlesim/srv/set_pen__type_support.cpp.o[0m
[2.669s] [ 36%] [32mBuilding CXX object CMakeFiles/turtlesim__rosidl_typesupport_c.dir/rosidl_typesupport_c/turtlesim/msg/color__type_support.cpp.o[0m
[2.669s] [ 37%] [32mBuilding CXX object CMakeFiles/turtlesim__rosidl_typesupport_c.dir/rosidl_typesupport_c/turtlesim/srv/kill__type_support.cpp.o[0m
[2.670s] [ 38%] [32mBuilding CXX object CMakeFiles/turtlesim__rosidl_typesupport_c.dir/rosidl_typesupport_c/turtlesim/msg/pose__type_support.cpp.o[0m
[2.670s] [ 39%] [32mBuilding CXX object CMakeFiles/turtlesim__rosidl_typesupport_c.dir/rosidl_typesupport_c/turtlesim/srv/teleport_relative__type_support.cpp.o[0m
[2.672s] [ 40%] [32mBuilding CXX object CMakeFiles/turtlesim__rosidl_typesupport_c.dir/rosidl_typesupport_c/turtlesim/srv/spawn__type_support.cpp.o[0m
[2.672s] [ 41%] [32mBuilding CXX object CMakeFiles/turtlesim__rosidl_typesupport_c.dir/rosidl_typesupport_c/turtlesim/srv/teleport_absolute__type_support.cpp.o[0m
[2.738s] [ 44%] [32mBuilding CXX object CMakeFiles/turtlesim__rosidl_typesupport_fastrtps_cpp.dir/rosidl_typesupport_fastrtps_cpp/turtlesim/action/detail/dds_fastrtps/rotate_absolute__type_support.cpp.o[0m
[2.738s] [ 44%] [32mBuilding CXX object CMakeFiles/turtlesim__rosidl_typesupport_fastrtps_cpp.dir/rosidl_typesupport_fastrtps_cpp/turtlesim/msg/detail/dds_fastrtps/pose__type_support.cpp.o[0m
[2.738s] [ 44%] [32mBuilding CXX object CMakeFiles/turtlesim__rosidl_typesupport_fastrtps_cpp.dir/rosidl_typesupport_fastrtps_cpp/turtlesim/msg/detail/dds_fastrtps/color__type_support.cpp.o[0m
[2.739s] [ 45%] [32mBuilding CXX object CMakeFiles/turtlesim__rosidl_typesupport_fastrtps_cpp.dir/rosidl_typesupport_fastrtps_cpp/turtlesim/srv/detail/dds_fastrtps/set_pen__type_support.cpp.o[0m
[2.739s] [ 47%] [32mBuilding CXX object CMakeFiles/turtlesim__rosidl_typesupport_fastrtps_cpp.dir/rosidl_typesupport_fastrtps_cpp/turtlesim/srv/detail/dds_fastrtps/kill__type_support.cpp.o[0m
[2.739s] [ 47%] [32mBuilding CXX object CMakeFiles/turtlesim__rosidl_typesupport_fastrtps_cpp.dir/rosidl_typesupport_fastrtps_cpp/turtlesim/srv/detail/dds_fastrtps/spawn__type_support.cpp.o[0m
[2.740s] [ 48%] [32mBuilding CXX object CMakeFiles/turtlesim__rosidl_typesupport_fastrtps_cpp.dir/rosidl_typesupport_fastrtps_cpp/turtlesim/srv/detail/dds_fastrtps/teleport_absolute__type_support.cpp.o[0m
[2.740s] [ 49%] [32mBuilding CXX object CMakeFiles/turtlesim__rosidl_typesupport_fastrtps_cpp.dir/rosidl_typesupport_fastrtps_cpp/turtlesim/srv/detail/dds_fastrtps/teleport_relative__type_support.cpp.o[0m
[2.749s] [ 50%] [32m[1mLinking CXX shared library libturtlesim__rosidl_typesupport_c.so[0m
[2.800s] [ 50%] Built target turtlesim__rosidl_typesupport_c
[2.957s] [ 51%] [32m[1mLinking CXX shared library libturtlesim__rosidl_typesupport_cpp.so[0m
[2.992s] [ 52%] [32mBuilding C object CMakeFiles/turtlesim__rosidl_typesupport_introspection_c.dir/rosidl_typesupport_introspection_c/turtlesim/msg/detail/pose__type_support.c.o[0m
[2.992s] [ 53%] [32mBuilding C object CMakeFiles/turtlesim__rosidl_typesupport_introspection_c.dir/rosidl_typesupport_introspection_c/turtlesim/srv/detail/spawn__type_support.c.o[0m
[2.993s] [ 54%] [32mBuilding C object CMakeFiles/turtlesim__rosidl_typesupport_introspection_c.dir/rosidl_typesupport_introspection_c/turtlesim/action/detail/rotate_absolute__type_support.c.o[0m
[2.994s] [ 55%] [32mBuilding C object CMakeFiles/turtlesim__rosidl_typesupport_introspection_c.dir/rosidl_typesupport_introspection_c/turtlesim/srv/detail/set_pen__type_support.c.o[0m
[2.994s] [ 56%] [32mBuilding C object CMakeFiles/turtlesim__rosidl_typesupport_introspection_c.dir/rosidl_typesupport_introspection_c/turtlesim/msg/detail/color__type_support.c.o[0m
[2.994s] [ 57%] [32mBuilding C object CMakeFiles/turtlesim__rosidl_typesupport_introspection_c.dir/rosidl_typesupport_introspection_c/turtlesim/srv/detail/kill__type_support.c.o[0m
[2.994s] [ 58%] [32mBuilding C object CMakeFiles/turtlesim__rosidl_typesupport_introspection_c.dir/rosidl_typesupport_introspection_c/turtlesim/srv/detail/teleport_relative__type_support.c.o[0m
[2.996s] [ 59%] [32mBuilding C object CMakeFiles/turtlesim__rosidl_typesupport_introspection_c.dir/rosidl_typesupport_introspection_c/turtlesim/srv/detail/teleport_absolute__type_support.c.o[0m
[3.012s] [ 62%] [32mBuilding CXX object CMakeFiles/turtlesim__rosidl_typesupport_fastrtps_c.dir/rosidl_typesupport_fastrtps_c/turtlesim/msg/detail/pose__type_support_c.cpp.o[0m
[3.012s] [ 62%] [32mBuilding CXX object CMakeFiles/turtlesim__rosidl_typesupport_fastrtps_c.dir/rosidl_typesupport_fastrtps_c/turtlesim/srv/detail/set_pen__type_support_c.cpp.o[0m
[3.012s] [ 62%] [32mBuilding CXX object CMakeFiles/turtlesim__rosidl_typesupport_fastrtps_c.dir/rosidl_typesupport_fastrtps_c/turtlesim/action/detail/rotate_absolute__type_support_c.cpp.o[0m
[3.013s] [ 64%] [32mBuilding CXX object CMakeFiles/turtlesim__rosidl_typesupport_fastrtps_c.dir/rosidl_typesupport_fastrtps_c/turtlesim/srv/detail/spawn__type_support_c.cpp.o[0m
[3.013s] [ 64%] [32mBuilding CXX object CMakeFiles/turtlesim__rosidl_typesupport_fastrtps_c.dir/rosidl_typesupport_fastrtps_c/turtlesim/msg/detail/color__type_support_c.cpp.o[0m
[3.013s] [ 65%] [32mBuilding CXX object CMakeFiles/turtlesim__rosidl_typesupport_fastrtps_c.dir/rosidl_typesupport_fastrtps_c/turtlesim/srv/detail/kill__type_support_c.cpp.o[0m
[3.013s] [ 65%] Built target turtlesim__rosidl_typesupport_cpp
[3.013s] [ 66%] [32mBuilding CXX object CMakeFiles/turtlesim__rosidl_typesupport_fastrtps_c.dir/rosidl_typesupport_fastrtps_c/turtlesim/srv/detail/teleport_absolute__type_support_c.cpp.o[0m
[3.013s] [ 67%] [32mBuilding CXX object CMakeFiles/turtlesim__rosidl_typesupport_fastrtps_c.dir/rosidl_typesupport_fastrtps_c/turtlesim/srv/detail/teleport_relative__type_support_c.cpp.o[0m
[3.028s] [ 68%] [34m[1mGenerating include/turtlesim/moc_turtle_frame.cpp[0m
[3.052s] [ 70%] [32mBuilding CXX object CMakeFiles/turtle_teleop_key.dir/tutorials/teleop_turtle_key.cpp.o[0m
[3.053s] [ 70%] [32mBuilding CXX object CMakeFiles/draw_square.dir/tutorials/draw_square.cpp.o[0m
[3.058s] [ 71%] [32mBuilding CXX object CMakeFiles/mimic.dir/tutorials/mimic.cpp.o[0m
[3.064s] [ 72%] [32m[1mLinking C shared library libturtlesim__rosidl_typesupport_introspection_c.so[0m
[3.104s] [ 72%] Built target turtlesim__rosidl_typesupport_introspection_c
[3.146s] [ 73%] [32mBuilding CXX object CMakeFiles/turtlesim_node.dir/src/turtle_frame.cpp.o[0m
[3.148s] [ 74%] [32mBuilding CXX object CMakeFiles/turtlesim_node.dir/src/turtlesim.cpp.o[0m
[3.148s] [ 75%] [32mBuilding CXX object CMakeFiles/turtlesim_node.dir/src/turtle.cpp.o[0m
[3.148s] [ 76%] [32mBuilding CXX object CMakeFiles/turtlesim_node.dir/include/turtlesim/moc_turtle_frame.cpp.o[0m
[3.167s] [ 77%] [32m[1mLinking CXX shared library libturtlesim__rosidl_typesupport_introspection_cpp.so[0m
[3.267s] [ 77%] Built target turtlesim__rosidl_typesupport_introspection_cpp
[3.447s] [ 78%] [32m[1mLinking CXX shared library libturtlesim__rosidl_typesupport_fastrtps_cpp.so[0m
[3.465s] [ 79%] [32m[1mLinking CXX shared library libturtlesim__rosidl_typesupport_fastrtps_c.so[0m
[3.522s] [ 79%] Built target turtlesim__rosidl_typesupport_fastrtps_cpp
[3.530s] [ 79%] Built target turtlesim__rosidl_typesupport_fastrtps_c
[3.550s] [ 79%] Built target turtlesim
[3.572s] [ 80%] [34m[1mGenerating Python code for ROS interfaces[0m
[4.910s] [ 80%] Built target turtlesim__py
[4.927s] [ 81%] [32mBuilding C object CMakeFiles/turtlesim__rosidl_generator_py.dir/rosidl_generator_py/turtlesim/msg/_pose_s.c.o[0m
[4.929s] [ 83%] [32mBuilding C object CMakeFiles/turtlesim__rosidl_generator_py.dir/rosidl_generator_py/turtlesim/action/_rotate_absolute_s.c.o[0m
[4.929s] [ 85%] [32mBuilding C object CMakeFiles/turtlesim__rosidl_generator_py.dir/rosidl_generator_py/turtlesim/srv/_kill_s.c.o[0m
[4.929s] [ 85%] [32mBuilding C object CMakeFiles/turtlesim__rosidl_generator_py.dir/rosidl_generator_py/turtlesim/srv/_spawn_s.c.o[0m
[4.929s] [ 85%] [32mBuilding C object CMakeFiles/turtlesim__rosidl_generator_py.dir/rosidl_generator_py/turtlesim/msg/_color_s.c.o[0m
[4.929s] [ 86%] [32mBuilding C object CMakeFiles/turtlesim__rosidl_generator_py.dir/rosidl_generator_py/turtlesim/srv/_set_pen_s.c.o[0m
[4.929s] [ 87%] [32mBuilding C object CMakeFiles/turtlesim__rosidl_generator_py.dir/rosidl_generator_py/turtlesim/srv/_teleport_absolute_s.c.o[0m
[4.930s] [ 88%] [32mBuilding C object CMakeFiles/turtlesim__rosidl_generator_py.dir/rosidl_generator_py/turtlesim/srv/_teleport_relative_s.c.o[0m
[5.080s] [ 89%] [32m[1mLinking C shared library rosidl_generator_py/turtlesim/libturtlesim__rosidl_generator_py.so[0m
[5.122s] [ 89%] Built target turtlesim__rosidl_generator_py
[5.144s] [ 90%] [32mBuilding C object CMakeFiles/turtlesim__rosidl_typesupport_c__pyext.dir/rosidl_generator_py/turtlesim/_turtlesim_s.ep.rosidl_typesupport_c.c.o[0m
[5.144s] [ 92%] [32mBuilding C object CMakeFiles/turtlesim__rosidl_typesupport_fastrtps_c__pyext.dir/rosidl_generator_py/turtlesim/_turtlesim_s.ep.rosidl_typesupport_fastrtps_c.c.o[0m
[5.144s] [ 92%] [32mBuilding C object CMakeFiles/turtlesim__rosidl_typesupport_introspection_c__pyext.dir/rosidl_generator_py/turtlesim/_turtlesim_s.ep.rosidl_typesupport_introspection_c.c.o[0m
[5.271s] [ 93%] [32m[1mLinking C shared library rosidl_generator_py/turtlesim/turtlesim_s__rosidl_typesupport_introspection_c.cpython-310-x86_64-linux-gnu.so[0m
[5.271s] [ 94%] [32m[1mLinking C shared library rosidl_generator_py/turtlesim/turtlesim_s__rosidl_typesupport_fastrtps_c.cpython-310-x86_64-linux-gnu.so[0m
[5.306s] [ 94%] Built target turtlesim__rosidl_typesupport_introspection_c__pyext
[5.308s] [ 94%] Built target turtlesim__rosidl_typesupport_fastrtps_c__pyext
[5.313s] [ 95%] [32m[1mLinking C shared library rosidl_generator_py/turtlesim/turtlesim_s__rosidl_typesupport_c.cpython-310-x86_64-linux-gnu.so[0m
[5.356s] [ 95%] Built target turtlesim__rosidl_typesupport_c__pyext
[7.533s] [ 96%] [32m[1mLinking CXX executable turtle_teleop_key[0m
[7.730s] [ 96%] Built target turtle_teleop_key
[9.267s] [ 97%] [32m[1mLinking CXX executable mimic[0m
[9.555s] [ 97%] Built target mimic
[9.630s] [ 98%] [32m[1mLinking CXX executable draw_square[0m
[9.932s] [ 98%] Built target draw_square
[11.924s] [100%] [32m[1mLinking CXX executable turtlesim_node[0m
[13.000s] [100%] Built target turtlesim_node
[13.009s] Invoked command in '/home/dennisd2/obstacle-avoidance-comps/ros2_ws/build/turtlesim' returned '0': CMAKE_PREFIX_PATH=/opt/ros/humble /usr/bin/cmake --build /home/dennisd2/obstacle-avoidance-comps/ros2_ws/build/turtlesim -- -j28 -l28
[13.015s] Invoking command in '/home/dennisd2/obstacle-avoidance-comps/ros2_ws/build/turtlesim': CMAKE_PREFIX_PATH=/opt/ros/humble /usr/bin/cmake --install /home/dennisd2/obstacle-avoidance-comps/ros2_ws/build/turtlesim
[13.020s] -- Install configuration: ""
[13.020s] -- Installing: /home/dennisd2/obstacle-avoidance-comps/ros2_ws/install/turtlesim/share/ament_index/resource_index/rosidl_interfaces/turtlesim
[13.020s] -- Installing: /home/dennisd2/obstacle-avoidance-comps/ros2_ws/install/turtlesim/include/turtlesim/turtlesim
[13.020s] -- Installing: /home/dennisd2/obstacle-avoidance-comps/ros2_ws/install/turtlesim/include/turtlesim/turtlesim/action
[13.020s] -- Installing: /home/dennisd2/obstacle-avoidance-comps/ros2_ws/install/turtlesim/include/turtlesim/turtlesim/action/detail
[13.020s] -- Installing: /home/dennisd2/obstacle-avoidance-comps/ros2_ws/install/turtlesim/include/turtlesim/turtlesim/action/detail/rotate_absolute__functions.h
[13.020s] -- Installing: /home/dennisd2/obstacle-avoidance-comps/ros2_ws/install/turtlesim/include/turtlesim/turtlesim/action/detail/rotate_absolute__type_support.h
[13.020s] -- Installing: /home/dennisd2/obstacle-avoidance-comps/ros2_ws/install/turtlesim/include/turtlesim/turtlesim/action/detail/rotate_absolute__struct.h
[13.020s] -- Installing: /home/dennisd2/obstacle-avoidance-comps/ros2_ws/install/turtlesim/include/turtlesim/turtlesim/action/detail/rotate_absolute__functions.c
[13.020s] -- Installing: /home/dennisd2/obstacle-avoidance-comps/ros2_ws/install/turtlesim/include/turtlesim/turtlesim/action/rotate_absolute.h
[13.021s] -- Installing: /home/dennisd2/obstacle-avoidance-comps/ros2_ws/install/turtlesim/include/turtlesim/turtlesim/msg
[13.021s] -- Installing: /home/dennisd2/obstacle-avoidance-comps/ros2_ws/install/turtlesim/include/turtlesim/turtlesim/msg/rosidl_generator_c__visibility_control.h
[13.021s] -- Installing: /home/dennisd2/obstacle-avoidance-comps/ros2_ws/install/turtlesim/include/turtlesim/turtlesim/msg/detail
[13.021s] -- Installing: /home/dennisd2/obstacle-avoidance-comps/ros2_ws/install/turtlesim/include/turtlesim/turtlesim/msg/detail/color__functions.h
[13.021s] -- Installing: /home/dennisd2/obstacle-avoidance-comps/ros2_ws/install/turtlesim/include/turtlesim/turtlesim/msg/detail/pose__functions.h
[13.021s] -- Installing: /home/dennisd2/obstacle-avoidance-comps/ros2_ws/install/turtlesim/include/turtlesim/turtlesim/msg/detail/color__functions.c
[13.021s] -- Installing: /home/dennisd2/obstacle-avoidance-comps/ros2_ws/install/turtlesim/include/turtlesim/turtlesim/msg/detail/color__struct.h
[13.021s] -- Installing: /home/dennisd2/obstacle-avoidance-comps/ros2_ws/install/turtlesim/include/turtlesim/turtlesim/msg/detail/color__type_support.h
[13.021s] -- Installing: /home/dennisd2/obstacle-avoidance-comps/ros2_ws/install/turtlesim/include/turtlesim/turtlesim/msg/detail/pose__struct.h
[13.021s] -- Installing: /home/dennisd2/obstacle-avoidance-comps/ros2_ws/install/turtlesim/include/turtlesim/turtlesim/msg/detail/pose__type_support.h
[13.021s] -- Installing: /home/dennisd2/obstacle-avoidance-comps/ros2_ws/install/turtlesim/include/turtlesim/turtlesim/msg/detail/pose__functions.c
[13.021s] -- Installing: /home/dennisd2/obstacle-avoidance-comps/ros2_ws/install/turtlesim/include/turtlesim/turtlesim/msg/pose.h
[13.021s] -- Installing: /home/dennisd2/obstacle-avoidance-comps/ros2_ws/install/turtlesim/include/turtlesim/turtlesim/msg/color.h
[13.021s] -- Installing: /home/dennisd2/obstacle-avoidance-comps/ros2_ws/install/turtlesim/include/turtlesim/turtlesim/srv
[13.021s] -- Installing: /home/dennisd2/obstacle-avoidance-comps/ros2_ws/install/turtlesim/include/turtlesim/turtlesim/srv/detail
[13.021s] -- Installing: /home/dennisd2/obstacle-avoidance-comps/ros2_ws/install/turtlesim/include/turtlesim/turtlesim/srv/detail/spawn__type_support.h
[13.021s] -- Installing: /home/dennisd2/obstacle-avoidance-comps/ros2_ws/install/turtlesim/include/turtlesim/turtlesim/srv/detail/kill__type_support.h
[13.022s] -- Installing: /home/dennisd2/obstacle-avoidance-comps/ros2_ws/install/turtlesim/include/turtlesim/turtlesim/srv/detail/kill__struct.h
[13.022s] -- Installing: /home/dennisd2/obstacle-avoidance-comps/ros2_ws/install/turtlesim/include/turtlesim/turtlesim/srv/detail/spawn__functions.h
[13.022s] -- Installing: /home/dennisd2/obstacle-avoidance-comps/ros2_ws/install/turtlesim/include/turtlesim/turtlesim/srv/detail/set_pen__functions.c
[13.022s] -- Installing: /home/dennisd2/obstacle-avoidance-comps/ros2_ws/install/turtlesim/include/turtlesim/turtlesim/srv/detail/teleport_absolute__struct.h
[13.022s] -- Installing: /home/dennisd2/obstacle-avoidance-comps/ros2_ws/install/turtlesim/include/turtlesim/turtlesim/srv/detail/teleport_relative__struct.h
[13.022s] -- Installing: /home/dennisd2/obstacle-avoidance-comps/ros2_ws/install/turtlesim/include/turtlesim/turtlesim/srv/detail/teleport_absolute__functions.h
[13.022s] -- Installing: /home/dennisd2/obstacle-avoidance-comps/ros2_ws/install/turtlesim/include/turtlesim/turtlesim/srv/detail/spawn__struct.h
[13.022s] -- Installing: /home/dennisd2/obstacle-avoidance-comps/ros2_ws/install/turtlesim/include/turtlesim/turtlesim/srv/detail/kill__functions.h
[13.022s] -- Installing: /home/dennisd2/obstacle-avoidance-comps/ros2_ws/install/turtlesim/include/turtlesim/turtlesim/srv/detail/teleport_absolute__type_support.h
[13.022s] -- Installing: /home/dennisd2/obstacle-avoidance-comps/ros2_ws/install/turtlesim/include/turtlesim/turtlesim/srv/detail/teleport_absolute__functions.c
[13.022s] -- Installing: /home/dennisd2/obstacle-avoidance-comps/ros2_ws/install/turtlesim/include/turtlesim/turtlesim/srv/detail/set_pen__type_support.h
[13.022s] -- Installing: /home/dennisd2/obstacle-avoidance-comps/ros2_ws/install/turtlesim/include/turtlesim/turtlesim/srv/detail/spawn__functions.c
[13.022s] -- Installing: /home/dennisd2/obstacle-avoidance-comps/ros2_ws/install/turtlesim/include/turtlesim/turtlesim/srv/detail/teleport_relative__functions.h
[13.022s] -- Installing: /home/dennisd2/obstacle-avoidance-comps/ros2_ws/install/turtlesim/include/turtlesim/turtlesim/srv/detail/kill__functions.c
[13.022s] -- Installing: /home/dennisd2/obstacle-avoidance-comps/ros2_ws/install/turtlesim/include/turtlesim/turtlesim/srv/detail/teleport_relative__functions.c
[13.022s] -- Installing: /home/dennisd2/obstacle-avoidance-comps/ros2_ws/install/turtlesim/include/turtlesim/turtlesim/srv/detail/set_pen__functions.h
[13.023s] -- Installing: /home/dennisd2/obstacle-avoidance-comps/ros2_ws/install/turtlesim/include/turtlesim/turtlesim/srv/detail/teleport_relative__type_support.h
[13.023s] -- Installing: /home/dennisd2/obstacle-avoidance-comps/ros2_ws/install/turtlesim/include/turtlesim/turtlesim/srv/detail/set_pen__struct.h
[13.023s] -- Installing: /home/dennisd2/obstacle-avoidance-comps/ros2_ws/install/turtlesim/include/turtlesim/turtlesim/srv/teleport_relative.h
[13.023s] -- Installing: /home/dennisd2/obstacle-avoidance-comps/ros2_ws/install/turtlesim/include/turtlesim/turtlesim/srv/set_pen.h
[13.023s] -- Installing: /home/dennisd2/obstacle-avoidance-comps/ros2_ws/install/turtlesim/include/turtlesim/turtlesim/srv/teleport_absolute.h
[13.023s] -- Installing: /home/dennisd2/obstacle-avoidance-comps/ros2_ws/install/turtlesim/include/turtlesim/turtlesim/srv/spawn.h
[13.023s] -- Installing: /home/dennisd2/obstacle-avoidance-comps/ros2_ws/install/turtlesim/include/turtlesim/turtlesim/srv/kill.h
[13.023s] -- Installing: /home/dennisd2/obstacle-avoidance-comps/ros2_ws/install/turtlesim/share/turtlesim/environment/library_path.sh
[13.023s] -- Installing: /home/dennisd2/obstacle-avoidance-comps/ros2_ws/install/turtlesim/share/turtlesim/environment/library_path.dsv
[13.023s] -- Installing: /home/dennisd2/obstacle-avoidance-comps/ros2_ws/install/turtlesim/lib/libturtlesim__rosidl_generator_c.so
[13.023s] -- Set runtime path of "/home/dennisd2/obstacle-avoidance-comps/ros2_ws/install/turtlesim/lib/libturtlesim__rosidl_generator_c.so" to ""
[13.023s] -- Up-to-date: /home/dennisd2/obstacle-avoidance-comps/ros2_ws/install/turtlesim/include/turtlesim/turtlesim
[13.023s] -- Up-to-date: /home/dennisd2/obstacle-avoidance-comps/ros2_ws/install/turtlesim/include/turtlesim/turtlesim/action
[13.024s] -- Up-to-date: /home/dennisd2/obstacle-avoidance-comps/ros2_ws/install/turtlesim/include/turtlesim/turtlesim/action/detail
[13.024s] -- Installing: /home/dennisd2/obstacle-avoidance-comps/ros2_ws/install/turtlesim/include/turtlesim/turtlesim/action/detail/rotate_absolute__rosidl_typesupport_fastrtps_c.h
[13.024s] -- Up-to-date: /home/dennisd2/obstacle-avoidance-comps/ros2_ws/install/turtlesim/include/turtlesim/turtlesim/msg
[13.024s] -- Up-to-date: /home/dennisd2/obstacle-avoidance-comps/ros2_ws/install/turtlesim/include/turtlesim/turtlesim/msg/detail
[13.024s] -- Installing: /home/dennisd2/obstacle-avoidance-comps/ros2_ws/install/turtlesim/include/turtlesim/turtlesim/msg/detail/pose__rosidl_typesupport_fastrtps_c.h
[13.024s] -- Installing: /home/dennisd2/obstacle-avoidance-comps/ros2_ws/install/turtlesim/include/turtlesim/turtlesim/msg/detail/color__rosidl_typesupport_fastrtps_c.h
[13.024s] -- Installing: /home/dennisd2/obstacle-avoidance-comps/ros2_ws/install/turtlesim/include/turtlesim/turtlesim/msg/rosidl_typesupport_fastrtps_c__visibility_control.h
[13.024s] -- Up-to-date: /home/dennisd2/obstacle-avoidance-comps/ros2_ws/install/turtlesim/include/turtlesim/turtlesim/srv
[13.024s] -- Up-to-date: /home/dennisd2/obstacle-avoidance-comps/ros2_ws/install/turtlesim/include/turtlesim/turtlesim/srv/detail
[13.024s] -- Installing: /home/dennisd2/obstacle-avoidance-comps/ros2_ws/install/turtlesim/include/turtlesim/turtlesim/srv/detail/teleport_absolute__rosidl_typesupport_fastrtps_c.h
[13.024s] -- Installing: /home/dennisd2/obstacle-avoidance-comps/ros2_ws/install/turtlesim/include/turtlesim/turtlesim/srv/detail/spawn__rosidl_typesupport_fastrtps_c.h
[13.024s] -- Installing: /home/dennisd2/obstacle-avoidance-comps/ros2_ws/install/turtlesim/include/turtlesim/turtlesim/srv/detail/set_pen__rosidl_typesupport_fastrtps_c.h
[13.024s] -- Installing: /home/dennisd2/obstacle-avoidance-comps/ros2_ws/install/turtlesim/include/turtlesim/turtlesim/srv/detail/kill__rosidl_typesupport_fastrtps_c.h
[13.024s] -- Installing: /home/dennisd2/obstacle-avoidance-comps/ros2_ws/install/turtlesim/include/turtlesim/turtlesim/srv/detail/teleport_relative__rosidl_typesupport_fastrtps_c.h
[13.024s] -- Installing: /home/dennisd2/obstacle-avoidance-comps/ros2_ws/install/turtlesim/lib/libturtlesim__rosidl_typesupport_fastrtps_c.so
[13.024s] -- Set runtime path of "/home/dennisd2/obstacle-avoidance-comps/ros2_ws/install/turtlesim/lib/libturtlesim__rosidl_typesupport_fastrtps_c.so" to ""
[13.025s] -- Up-to-date: /home/dennisd2/obstacle-avoidance-comps/ros2_ws/install/turtlesim/include/turtlesim/turtlesim
[13.025s] -- Up-to-date: /home/dennisd2/obstacle-avoidance-comps/ros2_ws/install/turtlesim/include/turtlesim/turtlesim/action
[13.025s] -- Up-to-date: /home/dennisd2/obstacle-avoidance-comps/ros2_ws/install/turtlesim/include/turtlesim/turtlesim/action/detail
[13.025s] -- Installing: /home/dennisd2/obstacle-avoidance-comps/ros2_ws/install/turtlesim/include/turtlesim/turtlesim/action/detail/rotate_absolute__struct.hpp
[13.025s] -- Installing: /home/dennisd2/obstacle-avoidance-comps/ros2_ws/install/turtlesim/include/turtlesim/turtlesim/action/detail/rotate_absolute__type_support.hpp
[13.025s] -- Installing: /home/dennisd2/obstacle-avoidance-comps/ros2_ws/install/turtlesim/include/turtlesim/turtlesim/action/detail/rotate_absolute__traits.hpp
[13.025s] -- Installing: /home/dennisd2/obstacle-avoidance-comps/ros2_ws/install/turtlesim/include/turtlesim/turtlesim/action/detail/rotate_absolute__builder.hpp
[13.025s] -- Installing: /home/dennisd2/obstacle-avoidance-comps/ros2_ws/install/turtlesim/include/turtlesim/turtlesim/action/rotate_absolute.hpp
[13.025s] -- Up-to-date: /home/dennisd2/obstacle-avoidance-comps/ros2_ws/install/turtlesim/include/turtlesim/turtlesim/msg
[13.025s] -- Up-to-date: /home/dennisd2/obstacle-avoidance-comps/ros2_ws/install/turtlesim/include/turtlesim/turtlesim/msg/detail
[13.025s] -- Installing: /home/dennisd2/obstacle-avoidance-comps/ros2_ws/install/turtlesim/include/turtlesim/turtlesim/msg/detail/pose__traits.hpp
[13.025s] -- Installing: /home/dennisd2/obstacle-avoidance-comps/ros2_ws/install/turtlesim/include/turtlesim/turtlesim/msg/detail/color__builder.hpp
[13.025s] -- Installing: /home/dennisd2/obstacle-avoidance-comps/ros2_ws/install/turtlesim/include/turtlesim/turtlesim/msg/detail/pose__builder.hpp
[13.025s] -- Installing: /home/dennisd2/obstacle-avoidance-comps/ros2_ws/install/turtlesim/include/turtlesim/turtlesim/msg/detail/pose__struct.hpp
[13.025s] -- Installing: /home/dennisd2/obstacle-avoidance-comps/ros2_ws/install/turtlesim/include/turtlesim/turtlesim/msg/detail/color__struct.hpp
[13.025s] -- Installing: /home/dennisd2/obstacle-avoidance-comps/ros2_ws/install/turtlesim/include/turtlesim/turtlesim/msg/detail/color__type_support.hpp
[13.025s] -- Installing: /home/dennisd2/obstacle-avoidance-comps/ros2_ws/install/turtlesim/include/turtlesim/turtlesim/msg/detail/pose__type_support.hpp
[13.025s] -- Installing: /home/dennisd2/obstacle-avoidance-comps/ros2_ws/install/turtlesim/include/turtlesim/turtlesim/msg/detail/color__traits.hpp
[13.026s] -- Installing: /home/dennisd2/obstacle-avoidance-comps/ros2_ws/install/turtlesim/include/turtlesim/turtlesim/msg/rosidl_generator_cpp__visibility_control.hpp
[13.026s] -- Installing: /home/dennisd2/obstacle-avoidance-comps/ros2_ws/install/turtlesim/include/turtlesim/turtlesim/msg/color.hpp
[13.026s] -- Installing: /home/dennisd2/obstacle-avoidance-comps/ros2_ws/install/turtlesim/include/turtlesim/turtlesim/msg/pose.hpp
[13.026s] -- Up-to-date: /home/dennisd2/obstacle-avoidance-comps/ros2_ws/install/turtlesim/include/turtlesim/turtlesim/srv
[13.026s] -- Up-to-date: /home/dennisd2/obstacle-avoidance-comps/ros2_ws/install/turtlesim/include/turtlesim/turtlesim/srv/detail
[13.026s] -- Installing: /home/dennisd2/obstacle-avoidance-comps/ros2_ws/install/turtlesim/include/turtlesim/turtlesim/srv/detail/set_pen__struct.hpp
[13.026s] -- Installing: /home/dennisd2/obstacle-avoidance-comps/ros2_ws/install/turtlesim/include/turtlesim/turtlesim/srv/detail/teleport_relative__type_support.hpp
[13.026s] -- Installing: /home/dennisd2/obstacle-avoidance-comps/ros2_ws/install/turtlesim/include/turtlesim/turtlesim/srv/detail/set_pen__type_support.hpp
[13.026s] -- Installing: /home/dennisd2/obstacle-avoidance-comps/ros2_ws/install/turtlesim/include/turtlesim/turtlesim/srv/detail/spawn__type_support.hpp
[13.026s] -- Installing: /home/dennisd2/obstacle-avoidance-comps/ros2_ws/install/turtlesim/include/turtlesim/turtlesim/srv/detail/spawn__struct.hpp
[13.026s] -- Installing: /home/dennisd2/obstacle-avoidance-comps/ros2_ws/install/turtlesim/include/turtlesim/turtlesim/srv/detail/kill__builder.hpp
[13.026s] -- Installing: /home/dennisd2/obstacle-avoidance-comps/ros2_ws/install/turtlesim/include/turtlesim/turtlesim/srv/detail/set_pen__traits.hpp
[13.026s] -- Installing: /home/dennisd2/obstacle-avoidance-comps/ros2_ws/install/turtlesim/include/turtlesim/turtlesim/srv/detail/teleport_absolute__builder.hpp
[13.026s] -- Installing: /home/dennisd2/obstacle-avoidance-comps/ros2_ws/install/turtlesim/include/turtlesim/turtlesim/srv/detail/set_pen__builder.hpp
[13.026s] -- Installing: /home/dennisd2/obstacle-avoidance-comps/ros2_ws/install/turtlesim/include/turtlesim/turtlesim/srv/detail/kill__struct.hpp
[13.026s] -- Installing: /home/dennisd2/obstacle-avoidance-comps/ros2_ws/install/turtlesim/include/turtlesim/turtlesim/srv/detail/spawn__traits.hpp
[13.027s] -- Installing: /home/dennisd2/obstacle-avoidance-comps/ros2_ws/install/turtlesim/include/turtlesim/turtlesim/srv/detail/teleport_absolute__traits.hpp
[13.027s] -- Installing: /home/dennisd2/obstacle-avoidance-comps/ros2_ws/install/turtlesim/include/turtlesim/turtlesim/srv/detail/teleport_relative__traits.hpp
[13.027s] -- Installing: /home/dennisd2/obstacle-avoidance-comps/ros2_ws/install/turtlesim/include/turtlesim/turtlesim/srv/detail/teleport_absolute__struct.hpp
[13.027s] -- Installing: /home/dennisd2/obstacle-avoidance-comps/ros2_ws/install/turtlesim/include/turtlesim/turtlesim/srv/detail/teleport_relative__builder.hpp
[13.027s] -- Installing: /home/dennisd2/obstacle-avoidance-comps/ros2_ws/install/turtlesim/include/turtlesim/turtlesim/srv/detail/kill__type_support.hpp
[13.027s] -- Installing: /home/dennisd2/obstacle-avoidance-comps/ros2_ws/install/turtlesim/include/turtlesim/turtlesim/srv/detail/teleport_relative__struct.hpp
[13.027s] -- Installing: /home/dennisd2/obstacle-avoidance-comps/ros2_ws/install/turtlesim/include/turtlesim/turtlesim/srv/detail/teleport_absolute__type_support.hpp
[13.027s] -- Installing: /home/dennisd2/obstacle-avoidance-comps/ros2_ws/install/turtlesim/include/turtlesim/turtlesim/srv/detail/spawn__builder.hpp
[13.027s] -- Installing: /home/dennisd2/obstacle-avoidance-comps/ros2_ws/install/turtlesim/include/turtlesim/turtlesim/srv/detail/kill__traits.hpp
[13.027s] -- Installing: /home/dennisd2/obstacle-avoidance-comps/ros2_ws/install/turtlesim/include/turtlesim/turtlesim/srv/kill.hpp
[13.027s] -- Installing: /home/dennisd2/obstacle-avoidance-comps/ros2_ws/install/turtlesim/include/turtlesim/turtlesim/srv/teleport_absolute.hpp
[13.027s] -- Installing: /home/dennisd2/obstacle-avoidance-comps/ros2_ws/install/turtlesim/include/turtlesim/turtlesim/srv/spawn.hpp
[13.027s] -- Installing: /home/dennisd2/obstacle-avoidance-comps/ros2_ws/install/turtlesim/include/turtlesim/turtlesim/srv/set_pen.hpp
[13.027s] -- Installing: /home/dennisd2/obstacle-avoidance-comps/ros2_ws/install/turtlesim/include/turtlesim/turtlesim/srv/teleport_relative.hpp
[13.027s] -- Up-to-date: /home/dennisd2/obstacle-avoidance-comps/ros2_ws/install/turtlesim/include/turtlesim/turtlesim
[13.027s] -- Up-to-date: /home/dennisd2/obstacle-avoidance-comps/ros2_ws/install/turtlesim/include/turtlesim/turtlesim/action
[13.027s] -- Up-to-date: /home/dennisd2/obstacle-avoidance-comps/ros2_ws/install/turtlesim/include/turtlesim/turtlesim/action/detail
[13.027s] -- Installing: /home/dennisd2/obstacle-avoidance-comps/ros2_ws/install/turtlesim/include/turtlesim/turtlesim/action/detail/dds_fastrtps
[13.027s] -- Installing: /home/dennisd2/obstacle-avoidance-comps/ros2_ws/install/turtlesim/include/turtlesim/turtlesim/action/detail/rotate_absolute__rosidl_typesupport_fastrtps_cpp.hpp
[13.027s] -- Up-to-date: /home/dennisd2/obstacle-avoidance-comps/ros2_ws/install/turtlesim/include/turtlesim/turtlesim/msg
[13.027s] -- Up-to-date: /home/dennisd2/obstacle-avoidance-comps/ros2_ws/install/turtlesim/include/turtlesim/turtlesim/msg/detail
[13.027s] -- Installing: /home/dennisd2/obstacle-avoidance-comps/ros2_ws/install/turtlesim/include/turtlesim/turtlesim/msg/detail/color__rosidl_typesupport_fastrtps_cpp.hpp
[13.027s] -- Installing: /home/dennisd2/obstacle-avoidance-comps/ros2_ws/install/turtlesim/include/turtlesim/turtlesim/msg/detail/dds_fastrtps
[13.027s] -- Installing: /home/dennisd2/obstacle-avoidance-comps/ros2_ws/install/turtlesim/include/turtlesim/turtlesim/msg/detail/pose__rosidl_typesupport_fastrtps_cpp.hpp
[13.027s] -- Installing: /home/dennisd2/obstacle-avoidance-comps/ros2_ws/install/turtlesim/include/turtlesim/turtlesim/msg/rosidl_typesupport_fastrtps_cpp__visibility_control.h
[13.027s] -- Up-to-date: /home/dennisd2/obstacle-avoidance-comps/ros2_ws/install/turtlesim/include/turtlesim/turtlesim/srv
[13.027s] -- Up-to-date: /home/dennisd2/obstacle-avoidance-comps/ros2_ws/install/turtlesim/include/turtlesim/turtlesim/srv/detail
[13.027s] -- Installing: /home/dennisd2/obstacle-avoidance-comps/ros2_ws/install/turtlesim/include/turtlesim/turtlesim/srv/detail/teleport_relative__rosidl_typesupport_fastrtps_cpp.hpp
[13.027s] -- Installing: /home/dennisd2/obstacle-avoidance-comps/ros2_ws/install/turtlesim/include/turtlesim/turtlesim/srv/detail/set_pen__rosidl_typesupport_fastrtps_cpp.hpp
[13.027s] -- Installing: /home/dennisd2/obstacle-avoidance-comps/ros2_ws/install/turtlesim/include/turtlesim/turtlesim/srv/detail/dds_fastrtps
[13.027s] -- Installing: /home/dennisd2/obstacle-avoidance-comps/ros2_ws/install/turtlesim/include/turtlesim/turtlesim/srv/detail/spawn__rosidl_typesupport_fastrtps_cpp.hpp
[13.027s] -- Installing: /home/dennisd2/obstacle-avoidance-comps/ros2_ws/install/turtlesim/include/turtlesim/turtlesim/srv/detail/kill__rosidl_typesupport_fastrtps_cpp.hpp
[13.027s] -- Installing: /home/dennisd2/obstacle-avoidance-comps/ros2_ws/install/turtlesim/include/turtlesim/turtlesim/srv/detail/teleport_absolute__rosidl_typesupport_fastrtps_cpp.hpp
[13.027s] -- Installing: /home/dennisd2/obstacle-avoidance-comps/ros2_ws/install/turtlesim/lib/libturtlesim__rosidl_typesupport_fastrtps_cpp.so
[13.027s] -- Set runtime path of "/home/dennisd2/obstacle-avoidance-comps/ros2_ws/install/turtlesim/lib/libturtlesim__rosidl_typesupport_fastrtps_cpp.so" to ""
[13.027s] -- Up-to-date: /home/dennisd2/obstacle-avoidance-comps/ros2_ws/install/turtlesim/include/turtlesim/turtlesim
[13.027s] -- Up-to-date: /home/dennisd2/obstacle-avoidance-comps/ros2_ws/install/turtlesim/include/turtlesim/turtlesim/action
[13.028s] -- Up-to-date: /home/dennisd2/obstacle-avoidance-comps/ros2_ws/install/turtlesim/include/turtlesim/turtlesim/action/detail
[13.028s] -- Installing: /home/dennisd2/obstacle-avoidance-comps/ros2_ws/install/turtlesim/include/turtlesim/turtlesim/action/detail/rotate_absolute__type_support.c
[13.028s] -- Installing: /home/dennisd2/obstacle-avoidance-comps/ros2_ws/install/turtlesim/include/turtlesim/turtlesim/action/detail/rotate_absolute__rosidl_typesupport_introspection_c.h
[13.028s] -- Up-to-date: /home/dennisd2/obstacle-avoidance-comps/ros2_ws/install/turtlesim/include/turtlesim/turtlesim/msg
[13.028s] -- Up-to-date: /home/dennisd2/obstacle-avoidance-comps/ros2_ws/install/turtlesim/include/turtlesim/turtlesim/msg/detail
[13.028s] -- Installing: /home/dennisd2/obstacle-avoidance-comps/ros2_ws/install/turtlesim/include/turtlesim/turtlesim/msg/detail/color__rosidl_typesupport_introspection_c.h
[13.028s] -- Installing: /home/dennisd2/obstacle-avoidance-comps/ros2_ws/install/turtlesim/include/turtlesim/turtlesim/msg/detail/pose__type_support.c
[13.028s] -- Installing: /home/dennisd2/obstacle-avoidance-comps/ros2_ws/install/turtlesim/include/turtlesim/turtlesim/msg/detail/pose__rosidl_typesupport_introspection_c.h
[13.028s] -- Installing: /home/dennisd2/obstacle-avoidance-comps/ros2_ws/install/turtlesim/include/turtlesim/turtlesim/msg/detail/color__type_support.c
[13.028s] -- Installing: /home/dennisd2/obstacle-avoidance-comps/ros2_ws/install/turtlesim/include/turtlesim/turtlesim/msg/rosidl_typesupport_introspection_c__visibility_control.h
[13.028s] -- Up-to-date: /home/dennisd2/obstacle-avoidance-comps/ros2_ws/install/turtlesim/include/turtlesim/turtlesim/srv
[13.028s] -- Up-to-date: /home/dennisd2/obstacle-avoidance-comps/ros2_ws/install/turtlesim/include/turtlesim/turtlesim/srv/detail
[13.028s] -- Installing: /home/dennisd2/obstacle-avoidance-comps/ros2_ws/install/turtlesim/include/turtlesim/turtlesim/srv/detail/teleport_absolute__type_support.c
[13.028s] -- Installing: /home/dennisd2/obstacle-avoidance-comps/ros2_ws/install/turtlesim/include/turtlesim/turtlesim/srv/detail/kill__rosidl_typesupport_introspection_c.h
[13.028s] -- Installing: /home/dennisd2/obstacle-avoidance-comps/ros2_ws/install/turtlesim/include/turtlesim/turtlesim/srv/detail/spawn__type_support.c
[13.028s] -- Installing: /home/dennisd2/obstacle-avoidance-comps/ros2_ws/install/turtlesim/include/turtlesim/turtlesim/srv/detail/spawn__rosidl_typesupport_introspection_c.h
[13.028s] -- Installing: /home/dennisd2/obstacle-avoidance-comps/ros2_ws/install/turtlesim/include/turtlesim/turtlesim/srv/detail/teleport_relative__rosidl_typesupport_introspection_c.h
[13.028s] -- Installing: /home/dennisd2/obstacle-avoidance-comps/ros2_ws/install/turtlesim/include/turtlesim/turtlesim/srv/detail/teleport_relative__type_support.c
[13.028s] -- Installing: /home/dennisd2/obstacle-avoidance-comps/ros2_ws/install/turtlesim/include/turtlesim/turtlesim/srv/detail/teleport_absolute__rosidl_typesupport_introspection_c.h
[13.028s] -- Installing: /home/dennisd2/obstacle-avoidance-comps/ros2_ws/install/turtlesim/include/turtlesim/turtlesim/srv/detail/set_pen__type_support.c
[13.028s] -- Installing: /home/dennisd2/obstacle-avoidance-comps/ros2_ws/install/turtlesim/include/turtlesim/turtlesim/srv/detail/kill__type_support.c
[13.028s] -- Installing: /home/dennisd2/obstacle-avoidance-comps/ros2_ws/install/turtlesim/include/turtlesim/turtlesim/srv/detail/set_pen__rosidl_typesupport_introspection_c.h
[13.028s] -- Installing: /home/dennisd2/obstacle-avoidance-comps/ros2_ws/install/turtlesim/lib/libturtlesim__rosidl_typesupport_introspection_c.so
[13.028s] -- Set runtime path of "/home/dennisd2/obstacle-avoidance-comps/ros2_ws/install/turtlesim/lib/libturtlesim__rosidl_typesupport_introspection_c.so" to ""
[13.028s] -- Installing: /home/dennisd2/obstacle-avoidance-comps/ros2_ws/install/turtlesim/lib/libturtlesim__rosidl_typesupport_c.so
[13.028s] -- Set runtime path of "/home/dennisd2/obstacle-avoidance-comps/ros2_ws/install/turtlesim/lib/libturtlesim__rosidl_typesupport_c.so" to ""
[13.028s] -- Up-to-date: /home/dennisd2/obstacle-avoidance-comps/ros2_ws/install/turtlesim/include/turtlesim/turtlesim
[13.028s] -- Up-to-date: /home/dennisd2/obstacle-avoidance-comps/ros2_ws/install/turtlesim/include/turtlesim/turtlesim/action
[13.028s] -- Up-to-date: /home/dennisd2/obstacle-avoidance-comps/ros2_ws/install/turtlesim/include/turtlesim/turtlesim/action/detail
[13.028s] -- Installing: /home/dennisd2/obstacle-avoidance-comps/ros2_ws/install/turtlesim/include/turtlesim/turtlesim/action/detail/rotate_absolute__rosidl_typesupport_introspection_cpp.hpp
[13.028s] -- Installing: /home/dennisd2/obstacle-avoidance-comps/ros2_ws/install/turtlesim/include/turtlesim/turtlesim/action/detail/rotate_absolute__type_support.cpp
[13.028s] -- Up-to-date: /home/dennisd2/obstacle-avoidance-comps/ros2_ws/install/turtlesim/include/turtlesim/turtlesim/msg
[13.028s] -- Up-to-date: /home/dennisd2/obstacle-avoidance-comps/ros2_ws/install/turtlesim/include/turtlesim/turtlesim/msg/detail
[13.028s] -- Installing: /home/dennisd2/obstacle-avoidance-comps/ros2_ws/install/turtlesim/include/turtlesim/turtlesim/msg/detail/pose__type_support.cpp
[13.028s] -- Installing: /home/dennisd2/obstacle-avoidance-comps/ros2_ws/install/turtlesim/include/turtlesim/turtlesim/msg/detail/color__type_support.cpp
[13.028s] -- Installing: /home/dennisd2/obstacle-avoidance-comps/ros2_ws/install/turtlesim/include/turtlesim/turtlesim/msg/detail/pose__rosidl_typesupport_introspection_cpp.hpp
[13.028s] -- Installing: /home/dennisd2/obstacle-avoidance-comps/ros2_ws/install/turtlesim/include/turtlesim/turtlesim/msg/detail/color__rosidl_typesupport_introspection_cpp.hpp
[13.029s] -- Up-to-date: /home/dennisd2/obstacle-avoidance-comps/ros2_ws/install/turtlesim/include/turtlesim/turtlesim/srv
[13.029s] -- Up-to-date: /home/dennisd2/obstacle-avoidance-comps/ros2_ws/install/turtlesim/include/turtlesim/turtlesim/srv/detail
[13.029s] -- Installing: /home/dennisd2/obstacle-avoidance-comps/ros2_ws/install/turtlesim/include/turtlesim/turtlesim/srv/detail/teleport_relative__rosidl_typesupport_introspection_cpp.hpp
[13.029s] -- Installing: /home/dennisd2/obstacle-avoidance-comps/ros2_ws/install/turtlesim/include/turtlesim/turtlesim/srv/detail/spawn__type_support.cpp
[13.029s] -- Installing: /home/dennisd2/obstacle-avoidance-comps/ros2_ws/install/turtlesim/include/turtlesim/turtlesim/srv/detail/kill__type_support.cpp
[13.029s] -- Installing: /home/dennisd2/obstacle-avoidance-comps/ros2_ws/install/turtlesim/include/turtlesim/turtlesim/srv/detail/teleport_relative__type_support.cpp
[13.029s] -- Installing: /home/dennisd2/obstacle-avoidance-comps/ros2_ws/install/turtlesim/include/turtlesim/turtlesim/srv/detail/set_pen__rosidl_typesupport_introspection_cpp.hpp
[13.029s] -- Installing: /home/dennisd2/obstacle-avoidance-comps/ros2_ws/install/turtlesim/include/turtlesim/turtlesim/srv/detail/teleport_absolute__type_support.cpp
[13.029s] -- Installing: /home/dennisd2/obstacle-avoidance-comps/ros2_ws/install/turtlesim/include/turtlesim/turtlesim/srv/detail/spawn__rosidl_typesupport_introspection_cpp.hpp
[13.029s] -- Installing: /home/dennisd2/obstacle-avoidance-comps/ros2_ws/install/turtlesim/include/turtlesim/turtlesim/srv/detail/set_pen__type_support.cpp
[13.029s] -- Installing: /home/dennisd2/obstacle-avoidance-comps/ros2_ws/install/turtlesim/include/turtlesim/turtlesim/srv/detail/kill__rosidl_typesupport_introspection_cpp.hpp
[13.029s] -- Installing: /home/dennisd2/obstacle-avoidance-comps/ros2_ws/install/turtlesim/include/turtlesim/turtlesim/srv/detail/teleport_absolute__rosidl_typesupport_introspection_cpp.hpp
[13.029s] -- Installing: /home/dennisd2/obstacle-avoidance-comps/ros2_ws/install/turtlesim/lib/libturtlesim__rosidl_typesupport_introspection_cpp.so
[13.029s] -- Set runtime path of "/home/dennisd2/obstacle-avoidance-comps/ros2_ws/install/turtlesim/lib/libturtlesim__rosidl_typesupport_introspection_cpp.so" to ""
[13.029s] -- Installing: /home/dennisd2/obstacle-avoidance-comps/ros2_ws/install/turtlesim/lib/libturtlesim__rosidl_typesupport_cpp.so
[13.029s] -- Set runtime path of "/home/dennisd2/obstacle-avoidance-comps/ros2_ws/install/turtlesim/lib/libturtlesim__rosidl_typesupport_cpp.so" to ""
[13.029s] -- Installing: /home/dennisd2/obstacle-avoidance-comps/ros2_ws/install/turtlesim/share/turtlesim/environment/pythonpath.sh
[13.029s] -- Installing: /home/dennisd2/obstacle-avoidance-comps/ros2_ws/install/turtlesim/share/turtlesim/environment/pythonpath.dsv
[13.029s] -- Installing: /home/dennisd2/obstacle-avoidance-comps/ros2_ws/install/turtlesim/local/lib/python3.10/dist-packages/turtlesim-1.4.3-py3.10.egg-info
[13.029s] -- Installing: /home/dennisd2/obstacle-avoidance-comps/ros2_ws/install/turtlesim/local/lib/python3.10/dist-packages/turtlesim-1.4.3-py3.10.egg-info/top_level.txt
[13.029s] -- Installing: /home/dennisd2/obstacle-avoidance-comps/ros2_ws/install/turtlesim/local/lib/python3.10/dist-packages/turtlesim-1.4.3-py3.10.egg-info/dependency_links.txt
[13.029s] -- Installing: /home/dennisd2/obstacle-avoidance-comps/ros2_ws/install/turtlesim/local/lib/python3.10/dist-packages/turtlesim-1.4.3-py3.10.egg-info/SOURCES.txt
[13.029s] -- Installing: /home/dennisd2/obstacle-avoidance-comps/ros2_ws/install/turtlesim/local/lib/python3.10/dist-packages/turtlesim-1.4.3-py3.10.egg-info/PKG-INFO
[13.029s] -- Installing: /home/dennisd2/obstacle-avoidance-comps/ros2_ws/install/turtlesim/local/lib/python3.10/dist-packages/turtlesim
[13.029s] -- Installing: /home/dennisd2/obstacle-avoidance-comps/ros2_ws/install/turtlesim/local/lib/python3.10/dist-packages/turtlesim/turtlesim_s__rosidl_typesupport_introspection_c.cpython-310-x86_64-linux-gnu.so
[13.029s] -- Installing: /home/dennisd2/obstacle-avoidance-comps/ros2_ws/install/turtlesim/local/lib/python3.10/dist-packages/turtlesim/__init__.py
[13.029s] -- Installing: /home/dennisd2/obstacle-avoidance-comps/ros2_ws/install/turtlesim/local/lib/python3.10/dist-packages/turtlesim/action
[13.029s] -- Installing: /home/dennisd2/obstacle-avoidance-comps/ros2_ws/install/turtlesim/local/lib/python3.10/dist-packages/turtlesim/action/_rotate_absolute_s.c
[13.029s] -- Installing: /home/dennisd2/obstacle-avoidance-comps/ros2_ws/install/turtlesim/local/lib/python3.10/dist-packages/turtlesim/action/_rotate_absolute.py
[13.029s] -- Installing: /home/dennisd2/obstacle-avoidance-comps/ros2_ws/install/turtlesim/local/lib/python3.10/dist-packages/turtlesim/action/__init__.py
[13.029s] -- Installing: /home/dennisd2/obstacle-avoidance-comps/ros2_ws/install/turtlesim/local/lib/python3.10/dist-packages/turtlesim/_turtlesim_s.ep.rosidl_typesupport_introspection_c.c
[13.029s] -- Installing: /home/dennisd2/obstacle-avoidance-comps/ros2_ws/install/turtlesim/local/lib/python3.10/dist-packages/turtlesim/_turtlesim_s.ep.rosidl_typesupport_fastrtps_c.c
[13.029s] -- Installing: /home/dennisd2/obstacle-avoidance-comps/ros2_ws/install/turtlesim/local/lib/python3.10/dist-packages/turtlesim/libturtlesim__rosidl_generator_py.so
[13.029s] -- Installing: /home/dennisd2/obstacle-avoidance-comps/ros2_ws/install/turtlesim/local/lib/python3.10/dist-packages/turtlesim/msg
[13.029s] -- Installing: /home/dennisd2/obstacle-avoidance-comps/ros2_ws/install/turtlesim/local/lib/python3.10/dist-packages/turtlesim/msg/_color.py
[13.029s] -- Installing: /home/dennisd2/obstacle-avoidance-comps/ros2_ws/install/turtlesim/local/lib/python3.10/dist-packages/turtlesim/msg/__init__.py
[13.029s] -- Installing: /home/dennisd2/obstacle-avoidance-comps/ros2_ws/install/turtlesim/local/lib/python3.10/dist-packages/turtlesim/msg/_pose_s.c
[13.029s] -- Installing: /home/dennisd2/obstacle-avoidance-comps/ros2_ws/install/turtlesim/local/lib/python3.10/dist-packages/turtlesim/msg/_color_s.c
[13.029s] -- Installing: /home/dennisd2/obstacle-avoidance-comps/ros2_ws/install/turtlesim/local/lib/python3.10/dist-packages/turtlesim/msg/_pose.py
[13.029s] -- Installing: /home/dennisd2/obstacle-avoidance-comps/ros2_ws/install/turtlesim/local/lib/python3.10/dist-packages/turtlesim/_turtlesim_s.ep.rosidl_typesupport_c.c
[13.030s] -- Installing: /home/dennisd2/obstacle-avoidance-comps/ros2_ws/install/turtlesim/local/lib/python3.10/dist-packages/turtlesim/srv
[13.030s] -- Installing: /home/dennisd2/obstacle-avoidance-comps/ros2_ws/install/turtlesim/local/lib/python3.10/dist-packages/turtlesim/srv/_teleport_absolute_s.c
[13.030s] -- Installing: /home/dennisd2/obstacle-avoidance-comps/ros2_ws/install/turtlesim/local/lib/python3.10/dist-packages/turtlesim/srv/__init__.py
[13.030s] -- Installing: /home/dennisd2/obstacle-avoidance-comps/ros2_ws/install/turtlesim/local/lib/python3.10/dist-packages/turtlesim/srv/_teleport_relative_s.c
[13.030s] -- Installing: /home/dennisd2/obstacle-avoidance-comps/ros2_ws/install/turtlesim/local/lib/python3.10/dist-packages/turtlesim/srv/_kill_s.c
[13.030s] -- Installing: /home/dennisd2/obstacle-avoidance-comps/ros2_ws/install/turtlesim/local/lib/python3.10/dist-packages/turtlesim/srv/_spawn.py
[13.030s] -- Installing: /home/dennisd2/obstacle-avoidance-comps/ros2_ws/install/turtlesim/local/lib/python3.10/dist-packages/turtlesim/srv/_teleport_absolute.py
[13.030s] -- Installing: /home/dennisd2/obstacle-avoidance-comps/ros2_ws/install/turtlesim/local/lib/python3.10/dist-packages/turtlesim/srv/_teleport_relative.py
[13.030s] -- Installing: /home/dennisd2/obstacle-avoidance-comps/ros2_ws/install/turtlesim/local/lib/python3.10/dist-packages/turtlesim/srv/_set_pen.py
[13.030s] -- Installing: /home/dennisd2/obstacle-avoidance-comps/ros2_ws/install/turtlesim/local/lib/python3.10/dist-packages/turtlesim/srv/_set_pen_s.c
[13.030s] -- Installing: /home/dennisd2/obstacle-avoidance-comps/ros2_ws/install/turtlesim/local/lib/python3.10/dist-packages/turtlesim/srv/_spawn_s.c
[13.030s] -- Installing: /home/dennisd2/obstacle-avoidance-comps/ros2_ws/install/turtlesim/local/lib/python3.10/dist-packages/turtlesim/srv/_kill.py
[13.030s] -- Installing: /home/dennisd2/obstacle-avoidance-comps/ros2_ws/install/turtlesim/local/lib/python3.10/dist-packages/turtlesim/turtlesim_s__rosidl_typesupport_c.cpython-310-x86_64-linux-gnu.so
[13.030s] -- Installing: /home/dennisd2/obstacle-avoidance-comps/ros2_ws/install/turtlesim/local/lib/python3.10/dist-packages/turtlesim/turtlesim_s__rosidl_typesupport_fastrtps_c.cpython-310-x86_64-linux-gnu.so
[13.062s] Listing '/home/dennisd2/obstacle-avoidance-comps/ros2_ws/install/turtlesim/local/lib/python3.10/dist-packages/turtlesim'...
[13.062s] Compiling '/home/dennisd2/obstacle-avoidance-comps/ros2_ws/install/turtlesim/local/lib/python3.10/dist-packages/turtlesim/__init__.py'...
[13.062s] Listing '/home/dennisd2/obstacle-avoidance-comps/ros2_ws/install/turtlesim/local/lib/python3.10/dist-packages/turtlesim/action'...
[13.062s] Compiling '/home/dennisd2/obstacle-avoidance-comps/ros2_ws/install/turtlesim/local/lib/python3.10/dist-packages/turtlesim/action/__init__.py'...
[13.062s] Compiling '/home/dennisd2/obstacle-avoidance-comps/ros2_ws/install/turtlesim/local/lib/python3.10/dist-packages/turtlesim/action/_rotate_absolute.py'...
[13.062s] Listing '/home/dennisd2/obstacle-avoidance-comps/ros2_ws/install/turtlesim/local/lib/python3.10/dist-packages/turtlesim/msg'...
[13.062s] Compiling '/home/dennisd2/obstacle-avoidance-comps/ros2_ws/install/turtlesim/local/lib/python3.10/dist-packages/turtlesim/msg/__init__.py'...
[13.063s] Compiling '/home/dennisd2/obstacle-avoidance-comps/ros2_ws/install/turtlesim/local/lib/python3.10/dist-packages/turtlesim/msg/_color.py'...
[13.063s] Compiling '/home/dennisd2/obstacle-avoidance-comps/ros2_ws/install/turtlesim/local/lib/python3.10/dist-packages/turtlesim/msg/_pose.py'...
[13.063s] Listing '/home/dennisd2/obstacle-avoidance-comps/ros2_ws/install/turtlesim/local/lib/python3.10/dist-packages/turtlesim/srv'...
[13.063s] Compiling '/home/dennisd2/obstacle-avoidance-comps/ros2_ws/install/turtlesim/local/lib/python3.10/dist-packages/turtlesim/srv/__init__.py'...
[13.063s] Compiling '/home/dennisd2/obstacle-avoidance-comps/ros2_ws/install/turtlesim/local/lib/python3.10/dist-packages/turtlesim/srv/_kill.py'...
[13.063s] Compiling '/home/dennisd2/obstacle-avoidance-comps/ros2_ws/install/turtlesim/local/lib/python3.10/dist-packages/turtlesim/srv/_set_pen.py'...
[13.063s] Compiling '/home/dennisd2/obstacle-avoidance-comps/ros2_ws/install/turtlesim/local/lib/python3.10/dist-packages/turtlesim/srv/_spawn.py'...
[13.063s] Compiling '/home/dennisd2/obstacle-avoidance-comps/ros2_ws/install/turtlesim/local/lib/python3.10/dist-packages/turtlesim/srv/_teleport_absolute.py'...
[13.063s] Compiling '/home/dennisd2/obstacle-avoidance-comps/ros2_ws/install/turtlesim/local/lib/python3.10/dist-packages/turtlesim/srv/_teleport_relative.py'...
[13.065s] -- Installing: /home/dennisd2/obstacle-avoidance-comps/ros2_ws/install/turtlesim/local/lib/python3.10/dist-packages/turtlesim/turtlesim_s__rosidl_typesupport_fastrtps_c.cpython-310-x86_64-linux-gnu.so
[13.065s] -- Set runtime path of "/home/dennisd2/obstacle-avoidance-comps/ros2_ws/install/turtlesim/local/lib/python3.10/dist-packages/turtlesim/turtlesim_s__rosidl_typesupport_fastrtps_c.cpython-310-x86_64-linux-gnu.so" to ""
[13.065s] -- Installing: /home/dennisd2/obstacle-avoidance-comps/ros2_ws/install/turtlesim/local/lib/python3.10/dist-packages/turtlesim/turtlesim_s__rosidl_typesupport_introspection_c.cpython-310-x86_64-linux-gnu.so
[13.065s] -- Set runtime path of "/home/dennisd2/obstacle-avoidance-comps/ros2_ws/install/turtlesim/local/lib/python3.10/dist-packages/turtlesim/turtlesim_s__rosidl_typesupport_introspection_c.cpython-310-x86_64-linux-gnu.so" to ""
[13.066s] -- Installing: /home/dennisd2/obstacle-avoidance-comps/ros2_ws/install/turtlesim/local/lib/python3.10/dist-packages/turtlesim/turtlesim_s__rosidl_typesupport_c.cpython-310-x86_64-linux-gnu.so
[13.066s] -- Set runtime path of "/home/dennisd2/obstacle-avoidance-comps/ros2_ws/install/turtlesim/local/lib/python3.10/dist-packages/turtlesim/turtlesim_s__rosidl_typesupport_c.cpython-310-x86_64-linux-gnu.so" to ""
[13.066s] -- Installing: /home/dennisd2/obstacle-avoidance-comps/ros2_ws/install/turtlesim/lib/libturtlesim__rosidl_generator_py.so
[13.066s] -- Set runtime path of "/home/dennisd2/obstacle-avoidance-comps/ros2_ws/install/turtlesim/lib/libturtlesim__rosidl_generator_py.so" to ""
[13.066s] -- Installing: /home/dennisd2/obstacle-avoidance-comps/ros2_ws/install/turtlesim/share/turtlesim/action/RotateAbsolute.idl
[13.066s] -- Installing: /home/dennisd2/obstacle-avoidance-comps/ros2_ws/install/turtlesim/share/turtlesim/msg/Color.idl
[13.066s] -- Installing: /home/dennisd2/obstacle-avoidance-comps/ros2_ws/install/turtlesim/share/turtlesim/msg/Pose.idl
[13.066s] -- Installing: /home/dennisd2/obstacle-avoidance-comps/ros2_ws/install/turtlesim/share/turtlesim/srv/Kill.idl
[13.066s] -- Installing: /home/dennisd2/obstacle-avoidance-comps/ros2_ws/install/turtlesim/share/turtlesim/srv/SetPen.idl
[13.066s] -- Installing: /home/dennisd2/obstacle-avoidance-comps/ros2_ws/install/turtlesim/share/turtlesim/srv/Spawn.idl
[13.066s] -- Installing: /home/dennisd2/obstacle-avoidance-comps/ros2_ws/install/turtlesim/share/turtlesim/srv/TeleportAbsolute.idl
[13.066s] -- Installing: /home/dennisd2/obstacle-avoidance-comps/ros2_ws/install/turtlesim/share/turtlesim/srv/TeleportRelative.idl
[13.066s] -- Installing: /home/dennisd2/obstacle-avoidance-comps/ros2_ws/install/turtlesim/share/turtlesim/action/RotateAbsolute.action
[13.066s] -- Installing: /home/dennisd2/obstacle-avoidance-comps/ros2_ws/install/turtlesim/share/turtlesim/msg/Color.msg
[13.066s] -- Installing: /home/dennisd2/obstacle-avoidance-comps/ros2_ws/install/turtlesim/share/turtlesim/msg/Pose.msg
[13.066s] -- Installing: /home/dennisd2/obstacle-avoidance-comps/ros2_ws/install/turtlesim/share/turtlesim/srv/Kill.srv
[13.066s] -- Installing: /home/dennisd2/obstacle-avoidance-comps/ros2_ws/install/turtlesim/share/turtlesim/srv/Kill_Request.msg
[13.066s] -- Installing: /home/dennisd2/obstacle-avoidance-comps/ros2_ws/install/turtlesim/share/turtlesim/srv/Kill_Response.msg
[13.066s] -- Installing: /home/dennisd2/obstacle-avoidance-comps/ros2_ws/install/turtlesim/share/turtlesim/srv/SetPen.srv
[13.066s] -- Installing: /home/dennisd2/obstacle-avoidance-comps/ros2_ws/install/turtlesim/share/turtlesim/srv/SetPen_Request.msg
[13.067s] -- Installing: /home/dennisd2/obstacle-avoidance-comps/ros2_ws/install/turtlesim/share/turtlesim/srv/SetPen_Response.msg
[13.067s] -- Installing: /home/dennisd2/obstacle-avoidance-comps/ros2_ws/install/turtlesim/share/turtlesim/srv/Spawn.srv
[13.067s] -- Installing: /home/dennisd2/obstacle-avoidance-comps/ros2_ws/install/turtlesim/share/turtlesim/srv/Spawn_Request.msg
[13.067s] -- Installing: /home/dennisd2/obstacle-avoidance-comps/ros2_ws/install/turtlesim/share/turtlesim/srv/Spawn_Response.msg
[13.067s] -- Installing: /home/dennisd2/obstacle-avoidance-comps/ros2_ws/install/turtlesim/share/turtlesim/srv/TeleportAbsolute.srv
[13.067s] -- Installing: /home/dennisd2/obstacle-avoidance-comps/ros2_ws/install/turtlesim/share/turtlesim/srv/TeleportAbsolute_Request.msg
[13.067s] -- Installing: /home/dennisd2/obstacle-avoidance-comps/ros2_ws/install/turtlesim/share/turtlesim/srv/TeleportAbsolute_Response.msg
[13.067s] -- Installing: /home/dennisd2/obstacle-avoidance-comps/ros2_ws/install/turtlesim/share/turtlesim/srv/TeleportRelative.srv
[13.067s] -- Installing: /home/dennisd2/obstacle-avoidance-comps/ros2_ws/install/turtlesim/share/turtlesim/srv/TeleportRelative_Request.msg
[13.067s] -- Installing: /home/dennisd2/obstacle-avoidance-comps/ros2_ws/install/turtlesim/share/turtlesim/srv/TeleportRelative_Response.msg
[13.067s] -- Installing: /home/dennisd2/obstacle-avoidance-comps/ros2_ws/install/turtlesim/lib/turtlesim/turtlesim_node
[13.070s] -- Set runtime path of "/home/dennisd2/obstacle-avoidance-comps/ros2_ws/install/turtlesim/lib/turtlesim/turtlesim_node" to ""
[13.070s] -- Installing: /home/dennisd2/obstacle-avoidance-comps/ros2_ws/install/turtlesim/lib/turtlesim/turtle_teleop_key
[13.071s] -- Set runtime path of "/home/dennisd2/obstacle-avoidance-comps/ros2_ws/install/turtlesim/lib/turtlesim/turtle_teleop_key" to ""
[13.071s] -- Installing: /home/dennisd2/obstacle-avoidance-comps/ros2_ws/install/turtlesim/lib/turtlesim/draw_square
[13.073s] -- Set runtime path of "/home/dennisd2/obstacle-avoidance-comps/ros2_ws/install/turtlesim/lib/turtlesim/draw_square" to ""
[13.073s] -- Installing: /home/dennisd2/obstacle-avoidance-comps/ros2_ws/install/turtlesim/lib/turtlesim/mimic
[13.074s] -- Set runtime path of "/home/dennisd2/obstacle-avoidance-comps/ros2_ws/install/turtlesim/lib/turtlesim/mimic" to ""
[13.074s] -- Installing: /home/dennisd2/obstacle-avoidance-comps/ros2_ws/install/turtlesim/share/turtlesim/images
[13.074s] -- Installing: /home/dennisd2/obstacle-avoidance-comps/ros2_ws/install/turtlesim/share/turtlesim/images/humble.png
[13.074s] -- Installing: /home/dennisd2/obstacle-avoidance-comps/ros2_ws/install/turtlesim/share/turtlesim/images/crystal.png
[13.074s] -- Installing: /home/dennisd2/obstacle-avoidance-comps/ros2_ws/install/turtlesim/share/turtlesim/images/eloquent.png
[13.074s] -- Installing: /home/dennisd2/obstacle-avoidance-comps/ros2_ws/install/turtlesim/share/turtlesim/images/foxy.png
[13.074s] -- Installing: /home/dennisd2/obstacle-avoidance-comps/ros2_ws/install/turtlesim/share/turtlesim/images/dashing.png
[13.074s] -- Installing: /home/dennisd2/obstacle-avoidance-comps/ros2_ws/install/turtlesim/share/turtlesim/images/ardent.png
[13.074s] -- Installing: /home/dennisd2/obstacle-avoidance-comps/ros2_ws/install/turtlesim/share/turtlesim/images/bouncy.png
[13.074s] -- Installing: /home/dennisd2/obstacle-avoidance-comps/ros2_ws/install/turtlesim/share/turtlesim/images/rolling.png
[13.074s] -- Installing: /home/dennisd2/obstacle-avoidance-comps/ros2_ws/install/turtlesim/share/turtlesim/images/galactic.png
[13.074s] -- Installing: /home/dennisd2/obstacle-avoidance-comps/ros2_ws/install/turtlesim/share/turtlesim/launch
[13.074s] -- Installing: /home/dennisd2/obstacle-avoidance-comps/ros2_ws/install/turtlesim/share/turtlesim/launch/multisim.launch.py
[13.075s] -- Installing: /home/dennisd2/obstacle-avoidance-comps/ros2_ws/install/turtlesim/share/ament_index/resource_index/package_run_dependencies/turtlesim
[13.075s] -- Installing: /home/dennisd2/obstacle-avoidance-comps/ros2_ws/install/turtlesim/share/ament_index/resource_index/parent_prefix_path/turtlesim
[13.075s] -- Installing: /home/dennisd2/obstacle-avoidance-comps/ros2_ws/install/turtlesim/share/turtlesim/environment/ament_prefix_path.sh
[13.075s] -- Installing: /home/dennisd2/obstacle-avoidance-comps/ros2_ws/install/turtlesim/share/turtlesim/environment/ament_prefix_path.dsv
[13.075s] -- Installing: /home/dennisd2/obstacle-avoidance-comps/ros2_ws/install/turtlesim/share/turtlesim/environment/path.sh
[13.075s] -- Installing: /home/dennisd2/obstacle-avoidance-comps/ros2_ws/install/turtlesim/share/turtlesim/environment/path.dsv
[13.075s] -- Installing: /home/dennisd2/obstacle-avoidance-comps/ros2_ws/install/turtlesim/share/turtlesim/local_setup.bash
[13.075s] -- Installing: /home/dennisd2/obstacle-avoidance-comps/ros2_ws/install/turtlesim/share/turtlesim/local_setup.sh
[13.075s] -- Installing: /home/dennisd2/obstacle-avoidance-comps/ros2_ws/install/turtlesim/share/turtlesim/local_setup.zsh
[13.075s] -- Installing: /home/dennisd2/obstacle-avoidance-comps/ros2_ws/install/turtlesim/share/turtlesim/local_setup.dsv
[13.075s] -- Installing: /home/dennisd2/obstacle-avoidance-comps/ros2_ws/install/turtlesim/share/turtlesim/package.dsv
[13.076s] -- Installing: /home/dennisd2/obstacle-avoidance-comps/ros2_ws/install/turtlesim/share/ament_index/resource_index/packages/turtlesim
[13.076s] -- Installing: /home/dennisd2/obstacle-avoidance-comps/ros2_ws/install/turtlesim/share/turtlesim/cmake/export_turtlesim__rosidl_generator_cExport.cmake
[13.076s] -- Installing: /home/dennisd2/obstacle-avoidance-comps/ros2_ws/install/turtlesim/share/turtlesim/cmake/export_turtlesim__rosidl_generator_cExport-noconfig.cmake
[13.076s] -- Installing: /home/dennisd2/obstacle-avoidance-comps/ros2_ws/install/turtlesim/share/turtlesim/cmake/export_turtlesim__rosidl_typesupport_fastrtps_cExport.cmake
[13.076s] -- Installing: /home/dennisd2/obstacle-avoidance-comps/ros2_ws/install/turtlesim/share/turtlesim/cmake/export_turtlesim__rosidl_typesupport_fastrtps_cExport-noconfig.cmake
[13.076s] -- Installing: /home/dennisd2/obstacle-avoidance-comps/ros2_ws/install/turtlesim/share/turtlesim/cmake/export_turtlesim__rosidl_generator_cppExport.cmake
[13.076s] -- Installing: /home/dennisd2/obstacle-avoidance-comps/ros2_ws/install/turtlesim/share/turtlesim/cmake/export_turtlesim__rosidl_typesupport_fastrtps_cppExport.cmake
[13.076s] -- Installing: /home/dennisd2/obstacle-avoidance-comps/ros2_ws/install/turtlesim/share/turtlesim/cmake/export_turtlesim__rosidl_typesupport_fastrtps_cppExport-noconfig.cmake
[13.076s] -- Installing: /home/dennisd2/obstacle-avoidance-comps/ros2_ws/install/turtlesim/share/turtlesim/cmake/turtlesim__rosidl_typesupport_introspection_cExport.cmake
[13.076s] -- Installing: /home/dennisd2/obstacle-avoidance-comps/ros2_ws/install/turtlesim/share/turtlesim/cmake/turtlesim__rosidl_typesupport_introspection_cExport-noconfig.cmake
[13.076s] -- Installing: /home/dennisd2/obstacle-avoidance-comps/ros2_ws/install/turtlesim/share/turtlesim/cmake/turtlesim__rosidl_typesupport_cExport.cmake
[13.076s] -- Installing: /home/dennisd2/obstacle-avoidance-comps/ros2_ws/install/turtlesim/share/turtlesim/cmake/turtlesim__rosidl_typesupport_cExport-noconfig.cmake
[13.076s] -- Installing: /home/dennisd2/obstacle-avoidance-comps/ros2_ws/install/turtlesim/share/turtlesim/cmake/turtlesim__rosidl_typesupport_introspection_cppExport.cmake
[13.076s] -- Installing: /home/dennisd2/obstacle-avoidance-comps/ros2_ws/install/turtlesim/share/turtlesim/cmake/turtlesim__rosidl_typesupport_introspection_cppExport-noconfig.cmake
[13.076s] -- Installing: /home/dennisd2/obstacle-avoidance-comps/ros2_ws/install/turtlesim/share/turtlesim/cmake/turtlesim__rosidl_typesupport_cppExport.cmake
[13.076s] -- Installing: /home/dennisd2/obstacle-avoidance-comps/ros2_ws/install/turtlesim/share/turtlesim/cmake/turtlesim__rosidl_typesupport_cppExport-noconfig.cmake
[13.077s] -- Installing: /home/dennisd2/obstacle-avoidance-comps/ros2_ws/install/turtlesim/share/turtlesim/cmake/export_turtlesim__rosidl_generator_pyExport.cmake
[13.077s] -- Installing: /home/dennisd2/obstacle-avoidance-comps/ros2_ws/install/turtlesim/share/turtlesim/cmake/export_turtlesim__rosidl_generator_pyExport-noconfig.cmake
[13.077s] -- Installing: /home/dennisd2/obstacle-avoidance-comps/ros2_ws/install/turtlesim/share/turtlesim/cmake/rosidl_cmake-extras.cmake
[13.077s] -- Installing: /home/dennisd2/obstacle-avoidance-comps/ros2_ws/install/turtlesim/share/turtlesim/cmake/ament_cmake_export_dependencies-extras.cmake
[13.077s] -- Installing: /home/dennisd2/obstacle-avoidance-comps/ros2_ws/install/turtlesim/share/turtlesim/cmake/ament_cmake_export_include_directories-extras.cmake
[13.077s] -- Installing: /home/dennisd2/obstacle-avoidance-comps/ros2_ws/install/turtlesim/share/turtlesim/cmake/ament_cmake_export_libraries-extras.cmake
[13.077s] -- Installing: /home/dennisd2/obstacle-avoidance-comps/ros2_ws/install/turtlesim/share/turtlesim/cmake/ament_cmake_export_targets-extras.cmake
[13.077s] -- Installing: /home/dennisd2/obstacle-avoidance-comps/ros2_ws/install/turtlesim/share/turtlesim/cmake/rosidl_cmake_export_typesupport_targets-extras.cmake
[13.077s] -- Installing: /home/dennisd2/obstacle-avoidance-comps/ros2_ws/install/turtlesim/share/turtlesim/cmake/rosidl_cmake_export_typesupport_libraries-extras.cmake
[13.077s] -- Installing: /home/dennisd2/obstacle-avoidance-comps/ros2_ws/install/turtlesim/share/turtlesim/cmake/turtlesimConfig.cmake
[13.077s] -- Installing: /home/dennisd2/obstacle-avoidance-comps/ros2_ws/install/turtlesim/share/turtlesim/cmake/turtlesimConfig-version.cmake
[13.077s] -- Installing: /home/dennisd2/obstacle-avoidance-comps/ros2_ws/install/turtlesim/share/turtlesim/package.xml
[13.078s] Invoked command in '/home/dennisd2/obstacle-avoidance-comps/ros2_ws/build/turtlesim' returned '0': CMAKE_PREFIX_PATH=/opt/ros/humble /usr/bin/cmake --install /home/dennisd2/obstacle-avoidance-comps/ros2_ws/build/turtlesim
