running egg_info
creating ../../build/demo_package/demo_package.egg-info
writing ../../build/demo_package/demo_package.egg-info/PKG-INFO
writing dependency_links to ../../build/demo_package/demo_package.egg-info/dependency_links.txt
writing entry points to ../../build/demo_package/demo_package.egg-info/entry_points.txt
writing requirements to ../../build/demo_package/demo_package.egg-info/requires.txt
writing top-level names to ../../build/demo_package/demo_package.egg-info/top_level.txt
writing manifest file '../../build/demo_package/demo_package.egg-info/SOURCES.txt'
reading manifest file '../../build/demo_package/demo_package.egg-info/SOURCES.txt'
adding license file 'LICENSE'
writing manifest file '../../build/demo_package/demo_package.egg-info/SOURCES.txt'
running build
running build_py
creating /home/dennisd2/obstacle-avoidance-comps/ros2_ws/build/demo_package/build
creating /home/dennisd2/obstacle-avoidance-comps/ros2_ws/build/demo_package/build/lib
creating /home/dennisd2/obstacle-avoidance-comps/ros2_ws/build/demo_package/build/lib/demo_package
copying demo_package/__init__.py -> /home/dennisd2/obstacle-avoidance-comps/ros2_ws/build/demo_package/build/lib/demo_package
copying demo_package/demo_node.py -> /home/dennisd2/obstacle-avoidance-comps/ros2_ws/build/demo_package/build/lib/demo_package
running install
running install_lib
creating /home/dennisd2/obstacle-avoidance-comps/ros2_ws/install/demo_package/lib/python3.10/site-packages/demo_package
copying /home/dennisd2/obstacle-avoidance-comps/ros2_ws/build/demo_package/build/lib/demo_package/__init__.py -> /home/dennisd2/obstacle-avoidance-comps/ros2_ws/install/demo_package/lib/python3.10/site-packages/demo_package
copying /home/dennisd2/obstacle-avoidance-comps/ros2_ws/build/demo_package/build/lib/demo_package/demo_node.py -> /home/dennisd2/obstacle-avoidance-comps/ros2_ws/install/demo_package/lib/python3.10/site-packages/demo_package
byte-compiling /home/dennisd2/obstacle-avoidance-comps/ros2_ws/install/demo_package/lib/python3.10/site-packages/demo_package/__init__.py to __init__.cpython-310.pyc
byte-compiling /home/dennisd2/obstacle-avoidance-comps/ros2_ws/install/demo_package/lib/python3.10/site-packages/demo_package/demo_node.py to demo_node.cpython-310.pyc
running install_data
creating /home/dennisd2/obstacle-avoidance-comps/ros2_ws/install/demo_package/share/ament_index
creating /home/dennisd2/obstacle-avoidance-comps/ros2_ws/install/demo_package/share/ament_index/resource_index
creating /home/dennisd2/obstacle-avoidance-comps/ros2_ws/install/demo_package/share/ament_index/resource_index/packages
copying resource/demo_package -> /home/dennisd2/obstacle-avoidance-comps/ros2_ws/install/demo_package/share/ament_index/resource_index/packages
copying package.xml -> /home/dennisd2/obstacle-avoidance-comps/ros2_ws/install/demo_package/share/demo_package
running install_egg_info
Copying ../../build/demo_package/demo_package.egg-info to /home/dennisd2/obstacle-avoidance-comps/ros2_ws/install/demo_package/lib/python3.10/site-packages/demo_package-0.0.0-py3.10.egg-info
running install_scripts
Installing demo_node script to /home/dennisd2/obstacle-avoidance-comps/ros2_ws/install/demo_package/lib/demo_package
writing list of installed files to '/home/dennisd2/obstacle-avoidance-comps/ros2_ws/build/demo_package/install.log'
